21 8773 2748 4164 592 9253 440 1462 4238 3322 6531 3478 2475 1805 3214 8101 5342 1291 6490 526 4434 2770 
21 7013 776 4925 4439 2305 9453 3447 4148 9337 6435 9713 6070 1137 1329 6800 8463 5723 7089 1489 3995 6458 
25 2384 5214 5227 3570 2702 80 1367 6952 4472 9641 2196 9612 3600 5032 6839 8765 976 7261 6888 3691 2766 1501 4597 2662 1312 
24 8670 9469 884 2557 2261 823 9481 9595 6142 4414 5482 4997 79 4372 9470 1906 9777 2304 1686 107 1701 1892 662 480 
27 4679 1332 6473 6133 7682 5221 9379 1438 2781 3493 651 9861 4935 7436 2703 287 8750 3934 3710 9234 746 1687 6763 2043 4013 1123 2862 
22 719 3249 965 9519 769 3210 9270 8687 8341 9540 3125 2535 6006 3344 3645 670 5410 6292 2476 170 4598 5999 
25 6252 984 3632 6526 57 3572 1034 8231 8945 4906 7892 5799 1214 4298 536 1636 1827 1020 5525 1328 7300 2646 8066 6195 9014 
27 1178 1407 3017 6951 5955 4673 1528 9691 5080 1283 9205 5505 1156 1853 5203 5836 738 4822 7728 7841 3488 468 6986 3854 3002 463 3931 
24 7109 1326 8940 4052 9376 8272 1747 987 3900 7923 9838 172 8651 2772 8841 3310 421 794 8797 6193 6299 1840 7083 2563 
23 563 3635 633 7078 6013 9894 1320 2889 1769 46 7577 4691 8388 5108 5467 2707 4993 8315 6675 5620 8744 5323 4319 
26 6031 8173 933 4455 4618 76 1478 9760 3980 7870 351 1795 126 6230 2051 8723 6701 2072 8252 7231 9125 6858 7783 8544 7327 8524 
25 3696 3049 1267 3066 3178 2510 8006 9858 5369 5053 4651 9012 4182 915 5551 628 3528 281 6628 9632 7067 5846 2055 452 1653 
25 2015 1970 7553 5860 2928 3624 946 1487 1056 1925 2769 1895 1765 9479 1153 5750 9598 1451 4592 8117 9525 8174 7914 5273 1125 
25 6403 2825 8326 1908 156 9952 7511 1940 2251 9366 3455 2197 8053 6159 1468 1704 6519 308 5988 8360 6871 4860 8763 8461 6789 
26 9913 9291 7210 6669 8440 189 8784 5802 588 4678 6711 9058 5779 7942 1444 2098 416 9233 2460 3948 9277 1870 12 343 6743 2980 
19 7468 8097 9588 1026 3741 8249 5414 8959 283 1277 3885 3301 3198 1003 2628 5028 6844 385 2189 
24 1105 6762 4761 8200 5639 6602 1652 2107 7759 3419 1606 865 6464 9941 2174 4429 4407 8859 5096 430 8735 2789 2281 8131 
25 8878 5971 6430 8793 2122 5296 6365 2025 4117 9087 7445 41 7756 7798 2830 1597 9500 3283 5042 3417 2005 2365 9326 7740 1196 
26 311 2642 6135 7884 1365 2645 200 6889 8160 5430 4069 339 8059 3832 5485 7547 649 8764 710 5230 3144 3459 8321 9690 5183 9589 
22 1135 1955 4938 6543 658 5201 2451 4626 7276 1732 1775 7201 9764 861 4755 598 1434 6370 6982 6707 5697 1971 
21 7227 2612 6075 5604 7800 4654 1770 7149 5286 6638 3268 3462 3497 7356 3047 1552 9602 1678 8776 5292 7424 
22 7716 6769 5486 5632 2357 6099 9112 8760 5754 8663 9835 8019 1708 7411 9886 7969 3977 8770 7827 9114 2909 8980 
22 3647 2269 5908 328 6357 2936 2738 483 691 8938 2697 7742 2929 6449 2953 398 7653 5252 501 9918 3037 8865 
24 2176 7368 2729 1554 3056 9661 1324 1362 9384 5767 8979 3187 525 5112 386 6423 2971 7423 2398 1355 3124 8210 1631 9931 
23 3578 9166 5500 9541 5072 1891 8240 3166 7802 7999 9447 5993 5831 1661 3250 9970 5160 1527 8423 9417 3128 4955 4186 
22 7948 3263 5636 7697 8827 895 293 5066 1933 4632 9254 1618 1520 8501 6915 4726 1619 182 7404 9853 2884 6334 
24 6321 7082 600 7762 3482 3840 1871 5580 1276 6451 8468 2069 1837 8713 1263 8494 2856 443 7292 9767 1290 5586 1952 4348 
22 3321 3989 7428 7195 3735 4664 2793 2648 7850 828 2186 9102 3084 4402 7487 1502 6047 1070 5155 5246 2276 6828 
26 9550 6904 5516 6089 8040 9282 8652 4441 7688 2797 4285 9333 3273 8800 9721 8393 1716 327 2595 4126 3639 6415 4383 3064 9327 1019 
27 549 1113 3168 7239 3145 8958 8881 8913 3394 9303 2106 3158 3428 4447 305 4125 7268 8296 8050 4920 1031 8045 2479 9486 8871 8589 927 
21 5991 2615 4340 8828 4198 4915 2934 2872 7182 3798 8042 1149 6542 7439 4962 6095 3882 6489 5784 8654 7616 
25 2735 8962 9649 4469 1784 9705 7357 1780 168 1633 5827 217 9729 4961 6392 9061 9591 9259 8364 7493 2734 4445 955 545 8261 
22 2736 7086 1098 986 3992 4092 4333 9298 7673 6481 3237 2627 8580 239 1909 2387 8635 3399 8338 1275 357 3912 
26 6039 7889 9852 742 1160 6023 5197 7931 3098 6790 7874 3067 6869 7986 9024 51 17 1117 2644 7012 8217 6210 6930 6504 1101 8530 
21 9459 1322 7364 6873 8720 6530 3590 4030 1975 6478 5845 4400 8593 3720 4273 6827 4287 1886 7545 9200 9857 
24 3202 7637 4326 4200 1439 7859 5786 1550 8504 611 6847 5074 8866 6641 2569 9809 1596 2930 8219 4732 9188 5061 939 6328 
24 8758 3767 8038 482 2790 627 561 2155 3360 5014 2311 9587 8658 8641 3463 2081 4911 7294 5058 857 2956 9605 9241 4350 
26 4948 7314 9495 315 9347 8298 9921 1831 620 5223 393 4034 6746 3481 3101 8405 7848 7260 3059 683 6660 4544 602 638 6347 6508 
25 7913 3694 3849 5034 1628 5374 5801 5699 3293 8948 3630 9389 1461 7875 5115 1154 3559 195 2150 1185 8100 8983 4902 9069 6934 
26 768 6689 4066 5377 7319 8586 9199 5917 21 243 9798 322 8387 2815 6795 7038 546 9304 7042 3045 1774 9185 8130 9223 3309 4531 
23 3358 9128 6078 7457 7425 8999 4884 6722 3771 2585 6899 4134 1594 7570 5233 5824 5682 5791 8337 9248 6448 5368 3458 
27 8965 4781 5816 7528 71 6677 1659 2995 7263 5700 6054 4251 19 7746 8882 4306 6123 2250 8724 7184 8575 4642 2420 2996 6956 9446 759 
25 5649 2132 210 6618 6441 6102 6134 1423 456 6465 9239 3112 178 6788 6398 1375 9415 2014 8714 8320 2607 4509 7221 3348 1507 
28 3580 7911 9402 5919 1721 2882 3117 8615 127 5099 324 9599 5101 4168 9758 2089 338 1657 160 8497 5355 4800 4057 2617 953 2149 6469 9936 
23 5480 2791 6537 3759 3429 5980 2524 969 9078 3730 800 3764 4988 7145 3914 8333 3094 8347 6867 2490 8442 2193 1972 
25 1563 47 9030 4940 6512 5176 9159 4437 1849 6725 8258 8825 7415 3909 6991 2331 6443 7044 7938 821 3562 3000 3803 868 3346 
26 9449 1724 3743 6645 6333 6729 3393 4957 9607 5518 7295 3136 5749 5945 2565 8384 7017 9434 8966 302 4695 8484 2253 2846 701 9414 
20 2573 8835 6914 3503 3363 6287 752 5126 7027 3719 998 2667 2457 3498 3483 5702 7566 5956 7608 9196 
22 7575 3536 3220 7782 3020 3179 4170 706 5992 9668 5745 5159 4895 6471 6149 3671 9782 7567 4574 9522 9746 8644 
24 3090 1344 1170 2982 2653 645 6121 736 4365 4899 2299 7046 1292 4846 4975 1573 7417 1378 6171 7527 5458 8076 3923 2833 
28 8184 1883 4693 6765 951 2527 9524 8554 1723 3605 5727 929 6349 1535 1705 3993 9863 5772 91 1337 2540 8164 5522 6715 6437 2891 9938 7681 
27 1560 4949 5017 3453 4274 7434 2293 4015 3748 3785 3235 926 1331 3558 5219 2716 8846 885 5611 9947 9027 1576 9144 4978 913 3670 4813 
30 1209 4788 2265 7680 2128 9874 7513 7085 2126 7628 6336 6698 1635 4453 2629 1081 395 9799 6096 7244 7011 2383 9023 7559 1999 4874 7617 6909 8166 930 
25 3708 350 2777 3119 7556 5031 8037 9263 6127 8954 8642 1106 6280 1124 5696 6510 7887 9342 5691 8256 4504 7814 3761 3295 2874 
20 2591 8201 9477 7899 8891 2229 6895 5737 4485 1268 8695 8748 9906 6467 1220 5411 4805 1669 3520 8499 
27 7862 9489 1 7430 4012 2455 7666 1285 1486 1396 6447 7692 4461 1668 5188 4794 5354 3649 4312 4376 4282 5614 2764 2328 8223 9391 3115 
30 9313 5161 6735 854 3396 6752 3022 6206 8906 8767 9143 8525 6771 6201 4835 7426 6539 85 7722 4700 4489 5015 4146 3920 8826 3843 8169 3886 8521 6196 
23 5983 2335 1010 7143 6363 595 8199 3597 694 9288 3784 4542 3896 1155 7460 8041 5439 8404 7283 9401 4102 9808 5944 
21 4887 2780 4763 4942 5166 6561 9302 2922 7168 3171 5095 6955 9638 1980 6841 104 1179 5149 7819 6939 4277 
23 6912 249 3176 5809 9663 5502 4082 2491 4137 4844 1473 3550 9984 7719 2019 1360 5871 7508 7543 6842 7335 2938 2208 
25 6377 2079 6922 4500 2142 5484 3782 5092 7291 5960 5048 8737 4225 5651 7605 6286 6652 5216 466 8669 7008 3876 109 9655 472 
26 5934 9679 1664 3870 819 4848 6903 1464 6648 2431 18 2811 464 5644 4246 133 3996 2375 3863 4456 6332 4760 4804 3627 6507 2804 
19 5982 1121 6243 5533 6845 7989 6516 6065 9828 9823 8579 6487 2239 9940 1141 1122 616 6052 2067 
25 3608 8780 5847 3111 7488 8085 6098 7209 3595 5907 7393 6659 1351 7234 4171 8611 6760 1405 801 9816 7660 4512 9604 2625 8942 
21 7110 5664 8843 8014 32 2967 6761 2773 1622 6180 4995 9161 392 279 7921 2784 1147 8898 9 827 7925 
21 2660 4773 7090 8624 7096 6683 9460 147 6237 3533 1694 8990 6174 9374 932 7946 5150 7098 3880 3872 4259 
26 3147 7483 4068 5156 8585 2192 836 9712 2534 1749 8316 4166 3347 8870 5027 5039 9488 2153 2727 7378 7573 6739 1006 626 8392 2841 
24 3055 5578 5910 4772 7771 8704 1253 9070 7397 191 5897 2350 346 4488 6836 1257 6385 1463 9339 2045 8961 8049 1718 8185 
20 8088 8548 7710 240 9207 5215 833 8476 1912 2696 3365 1641 5290 4201 783 9643 6266 5337 9036 6552 
21 476 7753 3552 9761 8263 223 3174 9124 6212 7979 9010 972 1962 3308 1928 2661 6632 4566 7400 7531 1898 
28 4644 3667 6269 9071 8274 5589 2110 6880 6015 6081 291 1963 2127 9050 724 2249 4546 9450 6697 3587 1965 4357 5535 2906 5125 3841 8874 4393 
23 1817 8783 3298 1342 2464 7246 1424 1349 9275 9242 6267 6284 7179 1089 1065 9131 9271 6691 3997 5388 5328 3713 6030 
26 2297 7864 636 921 9002 4875 4403 3414 5751 1591 8821 2048 7382 8264 7290 4410 3954 1044 2064 4714 1948 1230 4187 5421 9545 8136 
23 1880 2876 31 3213 5386 9733 6967 3864 5618 67 5030 5529 6130 3096 6749 8869 7120 2456 8222 2950 245 5037 2508 
27 4435 1512 6884 3457 2669 4433 8353 9020 3915 9755 4952 7351 528 5182 4910 1390 2666 6604 7544 2594 9106 4151 7708 4487 4750 7593 5854 
22 3539 7648 2566 6313 8356 9609 8989 8755 2682 1025 6949 3690 8142 7258 8154 2211 7311 8060 2103 8896 8560 6704 
30 1776 1228 9744 1363 1815 6244 448 5387 2731 2577 5346 2204 8971 1294 6367 1397 3121 6612 4718 1030 9898 8799 5073 4514 5571 5817 5127 2449 5566 2391 
26 9563 5985 9754 4939 1431 5890 1096 4539 4882 2172 4628 4362 4563 3612 5807 3962 8416 1585 8068 8645 7489 793 4047 3196 9969 1497 
23 1399 9246 1316 7296 6119 843 9756 4231 3935 6405 4921 5483 8600 5452 7006 4 9917 246 4222 4304 4161 5277 6546 
23 4027 1035 4658 1525 1541 6716 3750 3688 6276 7286 4016 8829 2547 9197 7583 108 5187 4725 5936 8269 2314 3077 3287 
26 1803 5902 3161 5635 9647 4299 4730 9092 1058 7524 1790 3901 6726 2131 7576 8450 1832 6774 2222 9775 1856 7185 7213 4893 3707 1903 
24 1855 5877 7727 5730 6775 1307 5792 9594 6594 4116 8034 2634 9706 6307 3443 1516 544 299 9237 7237 9468 2829 433 9510 
26 7108 4098 1651 2954 8653 5734 7479 290 444 5272 1077 2592 7390 4638 9795 8241 5333 914 2640 703 5865 3380 135 5204 4951 7824 
24 9483 4583 6851 7226 8665 4063 7699 5520 7713 4291 556 3554 898 473 5172 3711 3687 2494 186 7822 1103 5765 9781 6997 
23 9954 2942 3426 3388 3323 1808 4335 659 1846 8918 8355 1601 8790 424 420 3653 6534 5085 7888 3623 2878 758 4160 
28 8292 6150 9503 3409 2742 1835 3027 708 9068 6178 8300 5135 73 4401 8842 5293 5880 9101 3866 2919 2484 7973 845 9614 3812 858 7495 9472 
25 6544 9666 7129 4569 3615 9664 9903 1448 2520 8970 2082 8161 574 3602 863 7375 1224 7908 3150 2235 3192 7407 8084 131 9937 
25 364 5218 513 2706 8820 5844 1436 8743 4751 1744 6117 2360 9219 4926 4759 7427 1128 9250 5261 9292 49 966 8597 9016 9261 
27 1273 3709 583 5743 3199 6562 1218 6058 9394 7466 6264 2264 4972 8113 8664 8391 9034 7312 3946 9597 2905 390 8541 7578 3003 4316 396 
23 4078 9359 8493 8632 6124 2651 441 4858 8805 6902 138 2302 5432 3732 7906 7007 3985 204 8977 1714 7073 265 6394 
28 6381 2869 3988 5086 3104 1024 8447 6966 839 2852 1229 2037 6727 3472 8056 4820 356 9831 6077 5537 77 9792 2201 2864 5280 4917 406 4670 
28 1778 1685 8803 852 6413 3122 8284 8662 6985 5584 1935 3013 3505 9228 5083 2801 9440 8287 8676 4771 3353 7852 5308 4703 514 4543 2824 9646 
31 4758 8518 9305 7229 726 2026 8848 533 190 1518 3205 2809 4412 8325 6272 4356 4240 9801 6376 3998 6156 5063 7454 5833 2860 1242 6528 2205 4905 9332 7063 
26 4011 9052 849 559 8937 1415 4503 3490 9056 7642 4828 9146 518 5130 8817 5866 1314 5706 7148 9227 5367 8427 4446 6796 4248 2821 
24 6879 3779 7275 6066 7997 1913 1333 2543 367 717 1861 101 3660 4269 8513 590 2506 9099 1172 4564 2687 9769 3153 7412 
27 474 4842 7655 3103 3680 8819 9631 8061 9731 5663 6322 6644 9812 3034 4108 5002 5122 4745 5953 8408 6776 4257 8547 7305 8637 5415 5966 
24 7347 613 7816 3312 9076 7352 6786 196 892 7287 6218 4777 2608 3016 9206 2503 1420 4318 5390 5145 2163 1614 6439 4634 
25 8950 8422 415 4207 1986 5608 4358 6261 6687 6312 4808 28 8574 5624 8260 2918 1079 3120 6522 5657 5857 5790 1336 4253 8925 
25 873 8035 1046 5021 3114 5298 2548 120 6085 1960 1499 2032 3007 2633 3859 9454 7507 8465 4954 2361 1467 4682 635 960 7776 
23 2212 594 6251 5794 3296 208 2042 4548 1645 3261 3951 7165 1939 5759 6990 8424 4912 1482 103 8480 4067 72 6992 
22 5903 7638 348 813 9284 1041 1409 8017 2017 5186 4367 2329 8438 1570 7289 2077 3672 6260 2179 7232 3331 8087 
24 2053 2957 5690 2768 2715 3816 6617 808 5531 8631 3704 3591 2550 8105 2555 3437 4738 1374 9265 1647 6105 3561 68 520 
24 7657 5513 952 320 3534 6894 470 5630 1383 7245 6005 4570 8177 2362 6240 5688 7353 6714 5905 8106 4627 7107 7441 8684 
28 6541 1998 372 273 8194 8167 4346 2536 5466 8549 8934 9211 2334 9119 5725 8657 5262 4979 7983 1171 3967 9694 8273 1812 253 6881 587 4044 
25 1867 7075 3315 7176 9575 9322 6564 3904 9768 3082 2290 3738 9973 286 7171 2001 2976 3825 9990 5876 5148 6073 9902 1547 5195 
24 9252 1949 7927 1655 199 2602 4147 6186 8072 6511 5334 5793 3925 4263 3877 5581 2575 4568 465 9499 4719 4909 1510 6556 
27 3936 2714 8149 4584 4733 1627 380 4502 1481 916 7047 7912 8550 2111 3621 1109 6369 6029 5873 2145 5069 3155 4283 2786 4633 2369 4619 
28 1973 610 902 8207 4404 8857 9748 661 4937 7340 2745 2483 2467 6445 6407 2093 2890 2787 3012 6810 321 7907 2341 1001 9590 8474 7301 521 
23 6745 24 7432 4022 8070 2444 7775 7878 5676 3542 1203 7117 3 9909 7676 3406 551 9120 1387 1161 4897 6488 7481 
27 3381 7455 8426 5425 4141 607 3515 4089 3079 775 9274 6024 9787 2516 2558 1217 8673 8880 9210 7214 2141 8697 9994 5251 3706 2674 2252 
23 9287 6306 3434 1108 8389 1443 1049 7636 8772 9202 1392 8689 8409 3385 7345 6570 5446 4524 4791 1017 6590 9217 8850 
22 5018 2887 9659 78 774 9653 1280 2381 9716 4757 4817 3975 9165 5360 9235 8132 316 7966 9944 8634 3357 2318 
25 4467 1459 6399 5394 5952 5668 4051 5582 7718 5258 4443 3304 2366 1129 2102 3408 9928 1522 3370 1731 9956 6857 9009 743 3270 
26 3291 388 4249 2937 7633 1781 1042 163 6972 5878 1302 2385 5773 7624 4621 2904 4331 30 3960 9498 3695 8910 2818 9942 6878 4466 
26 8192 3276 8588 6139 7650 3905 1562 5461 95 8542 7626 5527 6802 7172 9104 9067 4491 7739 6764 2022 8732 1107 6664 1974 9876 491 
25 6822 9249 8809 7446 967 5094 8107 1590 8213 3374 2220 5835 2842 5612 1130 6342 8238 8751 9317 6862 2450 7712 705 5921 2113 
27 1992 297 8073 9109 6654 874 3236 1427 0 2759 6229 6291 4019 2393 8944 994 3477 9017 1616 3922 9710 5311 3418 3604 9150 6246 4444 
24 368 8489 3640 8055 9105 1428 8119 3887 8270 9939 509 1811 8947 1237 282 8265 256 5068 9490 9616 1505 2058 3332 5179 
26 5717 3555 3638 2313 2178 9487 9528 7847 7203 9175 8718 5248 5888 7992 175 5937 2358 5935 9025 1549 1548 5418 9088 8984 4896 1207 
22 1159 3575 5712 8297 4659 7200 1582 9580 2726 6938 9134 7731 6353 2692 6187 3586 8313 8125 4969 8144 3080 9786 
24 4309 9044 8661 9833 772 7672 6362 9038 5961 8307 505 5146 8242 4192 4929 676 7137 6650 7552 2459 7939 3087 6757 3378 
24 499 741 6222 4802 8139 4000 8278 7023 1997 2181 9053 1086 7786 5041 8771 7826 3255 792 8872 9171 9573 5276 1403 9096 
22 1339 1882 1282 9998 2722 6344 8933 2291 269 6728 9423 1954 280 1885 504 5129 4425 5715 6185 9243 292 729 
27 7355 767 5347 6801 7194 990 815 9821 1296 4113 1503 5267 8823 4799 2203 7033 4454 2260 8502 6730 2526 8706 4110 8928 4866 6366 7447 
23 3760 7687 8679 6462 9151 9031 5193 7242 4932 2820 3567 7358 1671 4396 1624 4587 3747 4650 9558 469 7961 6057 7223 
23 6466 7444 1474 2582 9826 9542 3221 9557 6859 4748 5364 1964 3019 7252 4579 8205 6713 7360 7409 6568 5079 5940 2746 
25 7561 3861 5124 1947 2315 8845 2415 7282 8081 3170 5016 8749 804 1338 7897 2355 2730 6221 7991 7470 3800 4457 8025 2108 3781 
25 1208 6767 4635 3669 1513 6189 5828 9672 2071 3728 8127 9807 7106 9674 5896 7016 7052 6826 5026 733 9247 2816 891 1032 4399 
23 3362 8348 389 1289 7903 3256 3789 7623 3848 8382 1187 4430 1969 7333 5278 1793 7371 6931 1191 8655 8467 8707 523 
25 8303 7156 150 6003 6402 991 6325 10 4675 9375 1341 418 869 7590 7103 9701 2489 3313 4508 4721 2013 8250 1632 3568 9982 
22 6527 3601 5285 1854 362 6199 4706 8671 9714 9431 9960 7235 4708 9108 5207 3978 573 1441 7604 1598 3589 8377 
22 6517 5006 3991 4344 6059 1654 1496 6947 942 6787 8346 7532 5900 4540 5370 3543 9141 1600 1938 790 8920 5923 
24 4471 6741 6560 4990 98 4661 8007 5189 7808 33 1511 3052 5303 8643 2611 9162 2723 5826 6258 7395 2223 2158 2590 6492 
28 5868 8840 3758 5954 9046 3778 4720 5686 5891 2433 1700 9209 458 8365 1593 1580 2139 3853 5202 1961 3945 2656 6975 2161 118 5841 6943 8577 
24 2247 2412 81 5457 8935 8182 5669 4614 9987 762 962 1350 8831 1720 7801 4576 1924 6734 8305 8613 5242 64 1798 527 
25 5693 9520 2760 9258 6566 6932 5785 604 5834 2378 6605 2497 3563 6337 9174 3233 7118 3585 4195 9571 8482 9388 5867 8002 6748 
23 7779 9804 7248 9229 605 2323 7693 2537 2070 1225 764 4230 6584 9555 9439 9356 9361 3678 7831 7279 2280 8607 4037 
26 9864 384 9897 565 9949 7490 5147 134 5777 2105 3023 4964 8403 4607 2140 7645 2888 2946 3450 7079 6008 2493 3314 5177 7449 325 
26 7957 2774 3990 7376 9021 5495 272 1930 8598 6572 912 8839 4104 6506 9977 4930 6778 5564 8887 4288 5600 1173 8519 2403 5874 8710 
23 187 2758 9231 4355 9849 6012 14 6874 1531 5640 2206 6087 9399 532 737 9907 4660 5051 1445 8003 646 6640 5594 
22 492 2899 6946 950 7930 4605 6848 6014 6020 4689 6555 8331 7416 227 9529 7126 1488 3892 5547 4526 5422 4553 
21 5970 6190 6995 3890 4144 870 2374 7478 188 4974 9155 3965 4242 2029 2871 5443 6933 1449 6162 8013 3878 
25 9251 7068 6855 6582 5088 4722 947 7747 777 2380 1943 4279 9465 6896 4398 2226 8680 7394 9725 9095 4723 8899 6425 6364 4684 
25 2695 7621 7971 5650 5465 3173 9127 8581 2567 427 822 2027 3489 1112 4966 2622 8283 1761 6373 3556 401 6806 124 956 8941 
22 3629 773 1131 6248 5107 9295 3968 1087 936 3142 4968 2552 571 6980 4994 2586 2301 7869 4833 6655 1404 9432 
24 6670 9868 524 1904 4580 1845 4530 8726 3921 6145 9319 2215 9785 2194 1174 9854 1876 6103 735 2199 7803 771 3260 9334 
23 5324 1376 6658 4100 155 8782 8058 8475 1371 9190 5633 6840 6737 3619 3392 7377 9565 1295 2423 7603 7964 6341 6440 
24 6412 1922 541 137 5658 7707 9986 3060 248 6224 2148 1741 6112 2877 7297 2496 6049 6147 2062 9727 2799 5591 4179 228 
21 7070 6753 7659 3609 5152 6773 7420 8729 9163 9294 7987 6627 5859 447 6177 9722 3100 496 2117 8109 3569 
21 7581 5561 6999 5409 8672 2948 7601 5327 467 4284 3071 2049 2683 7485 6918 9208 2080 1719 5869 4452 6496 
24 9377 4537 6503 194 26 5375 2675 1976 3359 5590 5132 7954 4594 140 2564 6294 5894 890 459 2863 8683 6436 1557 8232 
25 1381 1411 1251 5241 9156 4224 9547 8335 8795 9278 2673 2509 3180 9051 2631 6421 6721 3397 1644 1255 697 9959 917 3241 9427 
25 1757 8730 4873 6580 8785 3830 8559 1364 8214 1710 1688 7518 3839 3642 866 9178 8279 8147 410 3480 110 1366 1929 851 3093 
24 3614 5169 6597 9478 4465 7503 2207 7504 7288 4600 2404 9948 7734 7496 3895 586 9214 5194 3240 9312 7018 1053 4216 2169 
24 2528 6226 3867 9933 992 2180 6817 2248 5143 1649 4680 6372 7414 7533 5199 1932 8926 1848 177 4631 8062 3474 9328 3299 
25 9084 4483 4419 4181 1385 3524 7249 7188 3788 4985 1245 3018 7465 3247 9455 716 314 2691 7792 3106 9521 7155 2190 145 7111 
25 568 4868 7380 9042 9544 6474 5380 1216 2091 4174 2310 1258 1927 5661 9093 2468 4610 2843 5575 4552 8746 2681 9212 9995 1958 
25 1002 3149 3333 9436 1977 5771 4074 2502 6060 488 8753 3063 7271 2672 785 5655 5803 2542 345 5951 7370 906 6685 9850 8012 
26 2288 3826 2470 2173 905 6615 506 3721 6518 8248 1272 1198 2713 3807 664 9980 7646 1095 6758 6429 5964 7905 3217 7480 2892 6338 
24 6686 3424 6104 5684 7904 4328 4139 1054 3911 8650 3847 6043 6232 2898 4219 8472 8135 6993 6923 4038 4581 5673 3522 3517 
18 3442 1206 3751 825 2167 2680 5724 4428 6989 3208 6820 2979 5899 5949 5912 6814 8495 4736 
22 2519 8306 5393 6868 4337 7127 5812 3852 2050 6323 7057 6242 975 7072 130 3893 8769 6586 5848 6194 5996 5013 
27 303 180 2075 581 8806 982 43 5045 1211 1256 7704 2587 2840 5852 8186 9678 7208 5511 9091 7548 7514 8558 8811 9603 3815 993 404 
28 2465 7463 8727 8376 2551 8435 9037 6021 2270 761 1297 2525 4747 471 1983 4033 1388 6315 414 8280 4688 7953 3065 2 7389 6494 9551 7509 
25 4520 5382 8021 798 5913 5120 3810 2156 5117 6064 1587 9946 1521 7591 8181 2570 2647 1782 8052 882 1055 9955 5528 4674 5798 
25 1194 5914 3705 8998 4373 8344 7787 8917 5100 3675 205 8027 2753 6606 3464 6393 6204 2708 166 5722 2962 7055 8738 2688 3110 
25 2346 6485 2382 7191 3292 9083 6259 7933 2639 4989 1432 1982 7095 1559 4888 4798 7175 3183 1739 9922 6733 6799 9308 6861 3576 
26 4058 6794 4604 55 5140 8946 6657 1693 9883 3889 8532 5052 6676 5174 3499 3943 1093 2505 8686 4227 3545 5050 8327 7074 1796 9517 
26 8968 8244 4088 578 7448 6146 8251 8469 787 8285 3290 1820 6120 1923 2752 8963 1953 603 3355 5631 5009 2386 2424 4922 8603 5209 
24 5371 3918 7585 3092 6499 7703 8276 3917 3054 45 5357 4220 7654 6892 1920 7863 1717 2814 6646 132 7526 9213 3834 8168 
27 9847 1319 867 5764 940 4625 8421 2442 3919 1752 1792 2377 2578 3326 167 8844 7419 2097 8638 4606 3787 70 1091 5205 4878 4271 8145 
27 1269 7329 3527 6293 5317 4003 4639 5856 5326 4244 4272 8051 1699 8973 1526 9039 7970 8867 8129 7220 9494 6109 1265 3987 9168 9730 2658 
28 4352 2912 2523 6053 5654 8277 3731 2916 9681 8009 2092 3329 8512 5416 5213 887 1987 7625 4079 1726 7515 3588 7571 9443 3860 7326 781 3479 
27 4379 9418 643 4123 409 938 9345 3200 8526 2284 6945 7736 8483 4394 715 2257 7829 2992 4769 7207 1417 6433 4694 728 7564 8833 4203 
25 4494 310 2191 6692 5350 7392 4900 6679 1878 2514 9336 4165 8852 9240 5153 5220 2309 413 6017 2268 5269 1391 2482 8897 4103 
23 4070 8815 6575 1561 4832 7749 2478 4127 2143 5005 2849 128 1490 8172 6978 9442 2794 8992 3131 9362 3139 5353 8196 
24 8731 9824 3596 7255 4857 6069 330 7521 4025 6883 1446 6019 7879 6577 7968 8700 3656 8602 4190 2095 2259 2157 2704 8036 
29 1040 1421 8024 3651 3773 4349 5064 3438 6426 1176 3592 4136 5967 3856 2792 3791 5544 4218 3982 3361 7883 2066 3486 5113 1099 1994 1711 5538 4783 
27 6901 7678 6558 2805 9657 6110 4115 5428 2059 4724 6611 2379 5977 5345 2340 5023 5329 9871 7832 954 9122 8491 7158 3963 5713 1012 1254 
25 1138 1023 5158 7501 684 6172 3031 945 417 1787 7410 7634 6603 6305 4746 9772 5596 4463 4392 8429 5647 6500 9311 6329 3369 
25 9619 1146 576 4184 2473 9819 9513 3906 3776 235 9170 9962 7051 5889 7700 5492 8668 9181 4243 9951 5922 7215 637 6629 1345 
25 4646 6274 5541 7686 1768 6041 8768 3271 9718 6046 4575 7622 387 3756 593 1183 4369 2955 3123 8369 3140 7772 3772 842 2322 
26 4071 7613 2851 264 2546 7309 3137 8198 3108 654 1352 3599 6450 6557 4111 7951 4289 695 4653 3762 4229 2274 6310 4264 7138 4408 
22 2939 699 730 6132 7627 8115 2462 1119 7960 1579 8976 7115 6709 6326 6419 862 4728 9794 6063 1851 6209 980 
24 3607 7464 7579 5994 2539 9639 3317 1500 9924 4210 352 5084 9867 7388 5787 6525 6860 2438 8625 2897 9387 3618 7537 6693 
24 7284 4744 1755 7599 7558 8471 2652 2342 8016 8516 7901 7647 9236 1760 5680 9518 9651 9172 3777 4960 5077 1881 5641 6996 
28 3167 5553 2216 8830 1416 9306 3102 6346 69 8876 4715 1047 2676 6176 4677 2242 3041 3184 2388 2584 8660 9310 8075 7177 9628 7112 1532 1767 
24 4048 7113 9737 8239 1610 9321 629 7450 4603 9262 9537 9911 2968 7980 7530 3808 6573 4237 1343 5863 1197 2400 9215 2170 
23 8477 9925 7924 9353 6320 2119 3194 5883 6 2087 6028 5704 4556 7858 6791 3684 2544 383 6182 7123 9715 86 7738 
24 8596 7180 1240 3829 6056 9549 1453 3973 1368 152 5670 634 6241 4505 5546 1941 4904 5567 6667 811 3673 2339 9430 4729 
27 1515 4601 5886 7612 519 8667 3324 7094 548 3775 8193 6427 7919 6314 7551 3793 6885 2076 8905 4981 1650 4036 682 903 8089 5568 5413 
28 7929 6961 9910 2020 8715 9851 6699 8473 6184 6969 241 4060 3686 5619 8314 4278 9351 4049 4490 8453 5524 3484 4864 4217 4391 2817 3873 5449 
24 872 4482 657 6164 6680 7665 2463 4128 8682 2078 3657 9770 8893 3038 1115 2160 8137 6959 2700 7920 7306 7348 5613 4676 
28 9186 5593 7499 497 9180 9412 4914 9621 9624 3531 831 2244 8927 1737 6302 6856 6388 1571 4480 9142 9805 112 8400 4276 9971 4908 5585 621 
25 7684 8254 4080 5829 3051 698 609 5412 5506 1180 3666 970 6812 1629 8487 5362 6472 7670 3937 1988 7696 5938 5131 6026 1402 
26 8253 2233 3445 656 3197 3061 4774 1071 5601 8432 4980 9316 2100 7563 6819 3636 5089 8873 2785 9073 4891 2068 3218 7538 6919 1278 
24 3341 817 6756 7643 9238 4492 744 9908 4406 3466 2088 5185 9493 1036 3057 5231 3405 1743 9703 4918 1084 4462 7572 7369 
28 5562 4495 2074 4709 3774 2670 4615 2838 7048 1715 996 5638 756 9552 333 7205 853 1742 878 9045 5757 5455 214 4617 2294 6712 3582 6166 
23 2917 5071 7189 6927 3682 8659 1347 5257 5719 7467 2908 1372 4685 6339 3412 4055 9554 9749 7359 7995 197 9226 5806 
26 4006 5621 6916 3910 5287 9055 5570 5821 7157 4426 5431 2776 7580 7661 9266 411 2757 6234 6374 4521 3961 399 9475 7049 7820 144 
25 5245 5742 2559 7557 7037 2021 3964 8170 3970 5701 3700 9780 4977 8291 9734 7228 3366 6253 1683 5508 2219 2803 4124 2671 2635 
27 2883 4717 4107 4815 141 5756 8915 9561 412 9029 4380 9516 8922 5904 5035 1201 4640 3939 6642 5460 4831 1401 232 5275 8794 5972 2775 
23 1555 8020 6404 8433 928 7729 3903 5198 7866 5703 5190 6838 4976 5264 7024 2610 9370 3674 5667 1470 3780 4816 3382 
26 7122 977 7230 6304 2966 8397 8987 4153 6359 9225 3746 3593 4647 185 5709 3351 8235 2873 9013 7332 619 5321 2321 779 1120 3336 
29 7909 6502 4307 3384 5782 1613 753 394 8328 7059 1169 3736 1519 5577 8419 4692 9535 2084 490 8103 8425 5423 9685 1011 2618 7303 7890 6905 1136 
24 3549 5332 881 688 9751 8023 6225 3702 2096 8538 6736 3085 9424 3643 1569 1611 537 2515 8539 5315 2924 1826 5629 7845 
24 1529 4536 9935 2538 4953 9474 9548 686 1642 4944 4431 1858 6554 9400 5928 1599 4359 7500 8894 834 9873 642 7254 4129 
27 8102 4637 2448 7679 5062 8077 9757 4256 9790 1946 9634 116 5530 5918 3072 9572 4363 4555 50 8462 1758 2109 3352 689 4933 1247 3053 
27 3193 6649 5711 1689 1995 5660 9062 5087 1615 6924 3099 8293 1707 4322 7607 3376 8812 2289 6153 6941 9704 6461 2848 2137 1567 4787 7473 
27 23 2782 8774 8699 9065 8851 161 3583 5291 6887 3395 5998 6432 2831 1862 8275 1008 6140 82 4448 6816 1696 8143 4987 7339 3274 5259 
27 1626 6900 6875 9255 5054 1864 5470 4371 4159 9421 329 8838 6643 2417 5599 9610 7726 4560 625 529 731 534 8352 5065 119 797 7855 
25 7025 8932 7150 486 8534 2931 8694 1073 8931 9900 5232 2517 6653 5121 9855 4749 7975 754 5879 8225 2213 6219 431 154 4890 
28 2944 5295 8245 6197 3050 105 4992 7631 6356 8523 106 5744 6355 5761 8646 2002 8608 9218 7932 679 8159 4106 6092 6144 3538 6585 5569 2699 
24 3253 1067 3246 1660 3375 5001 9738 5379 148 8065 5804 1603 2744 9028 805 6137 2256 2472 4268 3302 6532 4889 6705 1063 
25 2866 6245 4154 6247 6630 9784 2657 6157 4476 918 1690 4388 4093 2254 2504 8507 2129 6666 1163 7093 8415 9173 9063 5735 4803 
25 1246 1186 7320 7988 5674 1830 3036 7386 2411 8187 5736 8343 3571 1656 2488 2826 7225 7569 6061 1809 213 8656 7084 3514 5398 
24 4839 6002 820 6509 582 1551 3024 9534 242 8407 1259 7945 3679 2921 7833 2724 3269 9269 668 6257 331 8939 591 6579 
24 7956 6515 1016 6581 1944 2440 4152 1814 2477 4612 7366 9484 2164 9367 4622 3907 1458 2195 8001 3665 3107 5289 3716 4323 
26 4525 4829 9392 1709 6830 7872 7101 7456 9268 7790 4163 4167 4716 8498 1968 4046 7081 1648 1602 3819 7402 6777 8567 5468 7805 8301 
25 7399 4138 3232 1313 8334 4204 5842 5138 1791 8095 4577 1182 5770 9728 5987 2168 6863 8997 531 3130 5270 8208 6290 841 8639 
27 4301 4493 7535 3546 2531 6540 5603 989 5365 2668 1604 5104 9592 4710 690 4499 5554 5916 1287 6027 5560 1151 8396 5389 8533 53 3244 
27 9752 8711 157 2426 9556 1015 1118 631 2973 5396 9177 7807 5576 7761 543 6588 7674 974 4741 2231 6083 6033 5901 5274 7144 4026 7422 
25 2430 7778 8573 3410 4824 1640 8505 5957 7135 7706 9358 3134 2972 298 1485 6183 9461 2012 7124 5675 6100 500 63 1043 2719 
21 8329 4941 5597 3783 5646 6158 6309 6766 2529 4533 1377 8685 8630 8383 371 4010 9696 6434 5029 1822 6533 
23 700 3560 3461 5400 8004 8864 7744 1786 7452 6476 4416 8810 8332 6637 9837 5356 7197 1578 7517 7321 3423 9618 4296 
25 9723 7435 601 7153 2036 8259 3454 7285 2016 6953 7856 6688 5583 4341 832 5469 1684 503 6151 2985 5523 7780 8604 1244 2130 
23 3307 4377 978 9865 2370 4885 4623 6106 5453 3625 4779 434 275 6414 9709 5623 225 4506 3883 3929 6079 3518 2224 
22 713 7206 6747 1435 9406 8702 1663 5783 3525 2485 4076 5114 1249 3574 8385 547 5911 4641 3185 6690 9882 1425 
27 3693 1022 5626 7677 1221 8449 2063 9245 2154 5850 4250 3165 8540 3234 2133 8349 1075 1455 5477 5464 8617 5965 5555 6088 3386 3070 8591 
25 4588 332 9586 1821 7280 6452 5678 5810 8191 748 8141 259 3879 455 4479 1429 8093 2837 5752 3021 3509 2138 4681 366 4916 
25 8719 318 8028 5498 277 9966 7164 6813 5895 42 1074 6270 2771 96 7806 2861 6963 6411 9778 5055 5685 8452 1680 4789 8690 
27 7453 8892 9267 1777 4826 146 9806 7274 3972 9299 1919 1981 6324 8032 8601 4061 1334 1274 8734 1665 4663 4827 7336 8216 7549 3622 1288 
26 9019 9613 1111 5830 376 550 1979 7065 6281 6571 6720 2443 4967 3042 381 8854 3930 319 9296 6115 2218 5659 2441 9887 7900 9637 
24 9346 2654 1564 7663 7267 4965 2599 6514 8623 5118 4880 9006 5082 8286 6354 5044 6343 1540 2845 644 4266 5843 429 5927 
24 4838 9735 8996 2330 1051 687 3265 198 9435 4140 9699 3372 4620 7592 2808 7354 3641 6227 2807 7003 4303 3698 1850 7750 
25 6831 5441 5487 2333 880 7259 2487 7918 6235 2275 6865 8955 334 2802 4040 6620 1471 2725 2047 8907 6950 3340 27 7795 3401 
25 6591 454 4810 5813 2999 3818 542 7315 7009 5959 5154 1836 1783 7587 7462 6442 1062 5884 6205 1911 436 1165 4327 1234 5543 
26 3491 5359 7193 8886 9600 9543 9264 3006 1905 1264 5228 8584 3075 7222 1824 1080 122 2961 5948 4077 3511 3152 6236 7128 5473 3316 
22 9140 7433 8215 2011 439 3044 1745 6545 2054 4668 2875 100 1014 7413 4310 7054 7550 7001 123 7269 3391 2396 
27 5192 1874 961 1142 6475 4043 4971 7010 9382 3811 6925 8633 8247 9684 1990 3343 11 2435 4311 4784 6608 8282 7486 809 8350 5565 9476 
28 3225 8787 9996 1625 2783 3650 8153 9620 258 1233 2935 6303 8705 6459 3266 3058 7669 3011 4959 3745 3944 4300 9404 4986 2533 7384 3770 5244 
26 7809 7141 7640 3512 7174 9403 9929 8816 4811 3981 4232 6625 5634 6718 7554 2609 8122 9596 2336 9425 3339 2035 1517 3668 8138 8375 
30 6913 4586 1735 2327 6044 6695 567 7512 9381 9686 4212 5738 5976 4652 3794 9630 1595 4270 2353 289 4095 7959 5849 8146 3932 2243 8709 4382 8118 221 
28 5059 7140 481 7019 9273 7510 288 2975 948 2605 9276 9570 8951 9958 2568 1638 1083 4497 1250 1029 5718 5212 6732 3617 7474 8398 4535 3871 
24 7773 1838 6125 3865 4421 2481 8565 8759 4353 5687 3611 3223 669 8083 2779 2963 4554 9080 4737 7091 3095 8317 9783 44 
24 7147 7546 7609 1442 3504 9444 5181 8619 5229 1408 5243 8436 9846 814 877 4097 307 9396 765 1592 9429 8569 2325 8594 
24 233 9523 4830 6480 8982 1666 7754 3222 4258 3319 4054 6917 6684 1556 6940 6559 7251 3467 1916 4943 9568 617 8957 4155 
24 1315 5091 2933 9410 1936 5234 830 5689 3532 7077 5536 9957 8943 6491 347 2187 4578 2597 1386 9126 838 2452 6750 3795 
24 6724 6424 3557 4984 4523 9451 9943 8094 4991 4320 7733 7615 7735 9762 7278 2832 5474 2522 139 5774 6613 6011 263 7893 
23 8640 8071 8209 5622 5610 985 7253 4302 4931 3404 709 5236 5339 2347 3452 751 7173 4295 4118 9993 1454 6007 7598 
25 8788 935 4205 1346 589 5306 1199 6513 2997 702 336 4223 9445 9395 569 5978 6772 4562 512 99 270 1418 5175 560 7910 
21 5440 9927 7842 8080 6331 3845 3974 8952 6983 6929 5133 2151 1327 747 8545 7902 7204 6453 5266 5256 3724 
25 7972 7810 3986 5769 2006 9644 3949 8568 784 9081 2637 3637 4892 4254 2756 5789 52 6055 4643 6738 3048 1691 1581 6854 4018 
25 9976 2356 4818 1713 7844 8379 2263 2902 3300 6589 1899 8486 75 517 8777 8124 958 7299 1340 8814 9719 2272 2352 6524 3664 
26 2445 7849 1090 7293 8536 354 5325 6681 2144 5995 7560 1816 5946 3941 7525 4262 3264 8015 4105 8636 8234 7421 4801 6837 7405 8163 
26 7379 3430 7709 4648 3530 9848 3976 4561 5320 8437 2202 6406 9765 2326 2277 7996 5796 9365 5397 6587 5607 508 8612 295 6296 7981 
25 3030 2177 1102 5008 4366 6255 9064 8010 5348 3356 2373 2970 4821 8956 4053 37 9656 3659 2990 9695 9340 3251 2604 2238 3658 
24 7119 766 435 8786 7316 4202 4595 6521 4172 6154 6318 2836 3523 7160 732 4290 575 2665 2638 2200 3631 9811 8696 4313 
28 1097 8310 4528 2278 2915 3028 7497 8953 2234 5036 2641 2983 6192 9789 2345 8969 9060 6086 8877 7781 1630 5435 5302 2255 162 540 4849 9195 
27 8553 9820 4507 6910 2576 8506 2407 6361 1426 3081 850 8678 8590 1479 2879 2994 8289 7471 1530 5768 1514 4589 4156 4903 6944 7839 3851 
23 1785 7186 209 35 4819 9569 1586 8445 2998 8156 6391 9077 6350 4339 7317 2743 4267 5093 7469 1617 9753 2588 7865 
24 6238 379 4636 6382 1356 397 6217 495 7476 5823 7584 704 3026 2987 9934 3190 7695 9132 6308 1127 2228 3175 7611 3069 
32 7952 3655 6200 8587 8459 1013 3537 1286 5479 1369 9405 7192 3754 1308 8220 904 1484 363 4516 2024 1583 7322 5587 6316 3616 7442 6742 4109 6702 8993 1950 8648 
27 4214 29 3334 2147 696 3116 4361 640 5532 3476 1394 6696 3431 1078 7247 5707 1572 1771 4549 2303 1498 1139 5301 1658 1261 2446 3916 
25 7990 2343 6420 8110 9658 4017 2844 1702 179 6203 9945 2572 5003 6051 4498 7745 2389 7619 3500 1152 4418 6126 2614 7161 4837 
25 4329 5920 7000 1609 1682 3337 216 6614 165 5025 8257 3526 3681 6250 886 7331 6175 6668 9622 4045 296 62 5795 5249 2046 
24 3086 6600 7600 3330 9964 8155 8490 7461 2952 530 3305 9040 8478 4697 2870 6223 5616 4797 1740 6025 5110 9383 4518 38 
25 1061 1177 5572 8370 5260 2686 2115 1679 8745 4073 5 5338 2741 5450 9335 2712 1195 9315 2086 4132 3254 2601 7035 5438 557 
24 9003 7475 5226 3277 8986 7190 5811 6935 8791 8757 1753 9923 5024 2886 2394 341 2421 4946 7163 5558 234 6598 4806 9086 
22 5478 5304 7993 3508 7767 7882 2765 8202 9184 5489 3441 9004 9079 3470 5714 3535 9773 810 8043 5180 2705 3984 
24 5235 7325 5373 4768 8856 5539 8229 9989 3129 5893 2913 7273 8716 8562 8148 5310 8754 9860 2733 2434 3172 3133 5814 9774 
26 3371 7401 7799 7318 89 2678 437 9788 9192 1033 5652 7403 5870 7998 3248 9834 8742 9662 2532 8766 7618 7825 8688 1266 8621 391 
28 5445 8578 6843 1447 428 3952 5250 3802 6805 7250 6928 655 2763 3076 2104 5004 8964 6621 8197 2932 1865 2574 9992 6505 5040 4881 7199 3862 
25 622 4059 3855 218 9999 995 2749 2052 6249 450 9564 8888 9307 596 4386 7597 3797 2847 6549 9802 159 3744 9059 7238 2363 
30 1027 8406 6155 9869 9135 9627 5962 9485 9640 2057 8500 5820 949 1766 7328 4613 9967 9482 3804 1045 9136 1361 7656 7116 6289 4130 4814 8543 8324 9343 
25 5300 7804 4191 6072 7372 2217 515 1354 54 9562 8374 4766 2711 3132 2901 8311 5853 5728 681 9932 6651 1279 9320 2600 1810 
26 9515 3697 6567 2984 5358 9625 7876 3320 7793 9978 1303 2580 5420 7853 2827 7406 8312 5882 9877 8381 9189 3725 8443 971 4515 142 
26 6610 9845 2436 5049 3181 4121 3752 5579 6282 7574 6710 4510 8485 3551 2993 2083 6181 5739 6708 5760 9008 9416 2030 6890 6400 3275 
26 2541 2359 8464 4862 8529 4656 9026 1942 2413 5105 3451 5625 4901 1788 5043 3899 9736 4297 6673 7985 8134 8361 6623 7 4699 6987 
24 1335 1192 5875 1100 8832 1751 446 3714 8492 8801 9593 9194 5462 16 4590 3267 3242 8858 4923 9378 8211 4778 4662 5128 
28 8402 222 1697 3398 3227 164 1674 4028 7941 5837 1937 2300 7069 9930 1967 5929 9428 7472 8079 1890 244 1926 6275 4343 3983 4843 5488 4484 
28 3824 8895 6220 1852 1537 9505 1875 1779 7840 4035 7794 34 6804 3280 9974 6624 3364 812 4265 9110 5392 9041 8853 7396 2650 4075 2286 1293 
22 1143 5341 5137 8698 4005 9726 2911 1985 8018 535 4551 2624 1271 2471 8570 9915 566 7391 7834 5476 8649 6111 
27 2717 7040 1492 5491 7224 2338 3188 8929 4572 7066 1166 8914 1412 5170 8836 8616 2553 5892 4294 9700 3971 570 6401 224 3182 1072 2185 
26 6263 1066 9349 1670 6907 3516 3469 2162 4599 7031 1756 1189 7021 9330 745 1050 83 5906 5931 4330 8818 9496 562 7702 6345 3286 
25 7760 584 2480 5211 3345 3544 9118 9458 9137 6891 3513 9961 1204 7262 2964 5109 2101 9892 6351 6330 3529 6700 5076 6479 4031 
25 6744 2941 8158 408 693 5238 9652 539 422 7265 5294 5019 564 7167 8528 2664 4683 6682 9981 2427 8884 8183 7076 2390 9953 
24 6277 9393 7632 5990 5366 7658 2867 6824 3487 9567 8752 1754 2728 176 9467 4550 5196 7694 3521 6781 8960 4474 9075 6271 
23 6960 2896 1734 2556 8975 9153 6431 9089 1466 973 1712 7796 6948 8740 3553 7183 4324 1437 5588 7045 2598 5939 663 
25 7362 3433 6634 4666 9965 4630 1132 2283 8126 323 2354 6378 4001 6396 9623 8399 2225 4354 451 5665 5239 1750 9983 6797 5720 
25 6090 2495 7934 7994 4481 6974 251 5503 2596 5178 1480 8366 8862 1931 4101 5427 7644 4211 8889 5521 1188 181 9950 4847 1270 
24 2720 3156 4557 3579 9048 8762 40 1859 4812 9433 7036 8778 1495 9413 9000 4413 2839 9285 2958 2616 6671 6609 4478 8531 
22 423 4008 4411 4415 7854 8357 7071 6780 6311 6152 911 2236 9220 3318 6278 5981 8972 1887 1306 4999 7641 9766 
27 5969 212 2690 284 624 3699 6256 9708 1460 1009 1759 8367 9688 3282 4389 2182 278 7236 2419 6167 5617 9169 4669 3842 671 6893 6592 
22 7429 5497 8824 9473 3068 6678 8230 5284 8294 1764 3014 9665 6231 6113 9676 4527 7058 7491 6080 667 7955 3857 
25 2951 5344 9100 8620 7815 2454 6042 8262 5010 484 9680 342 4395 3411 8583 9098 9419 5595 934 8911 2152 8 3969 358 5200 
25 1140 6825 799 2406 9601 5763 2498 3146 7769 4449 3449 2978 2501 340 4336 2371 9491 9818 4178 3581 7257 4050 8912 9032 8046 
25 4317 9187 8739 4228 378 3722 9840 6455 4385 1894 5925 1219 1085 5078 9407 3979 1330 5038 4188 9066 3715 4780 6215 3035 6358 
29 2486 3444 8104 9452 9836 1843 4645 5384 4056 5330 4004 8551 8351 7922 3835 8011 6908 7034 426 7029 1857 2414 8552 9988 8378 9577 3195 7689 4023 
25 8571 6319 6550 271 9810 8868 9456 2298 4436 5106 2989 4213 6882 8221 1800 7181 2943 8057 4859 2010 522 2626 925 1134 2065 
26 7891 4629 39 8557 4973 3468 5748 8761 7588 1215 7836 9895 8629 4169 2903 727 2940 7240 5447 9629 4459 9369 1966 7166 5165 3950 
24 9325 2718 4260 6380 8610 5340 6268 7492 1914 6010 5549 1915 4193 2834 1907 7758 711 1544 3924 4867 8120 8112 5800 8802 
26 9409 3654 608 9576 1918 5098 4477 5747 1872 5123 770 2685 8974 4945 6444 7338 3838 3875 5766 8627 236 9889 660 6097 4374 9107 
23 7088 5858 5254 2429 3278 6674 979 2858 1921 4672 8903 9879 9829 8808 7958 4158 184 7307 4765 9793 6853 2813 8372 
23 2135 8967 3959 1181 4209 8359 4753 8693 9501 829 5451 9085 5973 8114 7092 2632 6122 8775 151 3383 968 9825 5822 
30 8520 9901 9283 1323 5615 8566 3354 5282 4029 2518 2923 7162 9182 6578 6501 1262 201 8295 3999 5692 9566 374 2545 9281 9771 6574 3858 3328 6163 136 
21 9514 8227 1637 4713 4468 5184 402 9878 3718 8176 4851 3763 555 4131 1076 5297 2767 1150 8781 6050 9371 
26 1956 7534 6484 9462 4196 7690 7080 7104 1806 9103 4850 2603 1310 3435 3015 2778 2636 9606 4149 6835 1212 9348 5519 963 4731 6001 
24 8175 6783 1000 1605 4235 2663 9082 8430 5314 3413 4142 3938 9511 4565 888 931 8456 8074 3836 4424 6920 9309 5283 5407 
26 8290 7020 6456 7662 5437 3389 502 4409 9682 1299 7784 7962 7843 2819 4983 3303 7529 1584 2689 6595 4145 1116 6045 3203 7105 2659 
24 9530 313 494 6622 7498 7334 5776 3073 2677 3118 4009 5263 1868 8863 8813 3837 9673 9968 8861 171 900 8511 4665 3097 
30 4836 864 477 1384 8978 3029 2401 4024 4072 8822 4442 6000 9742 3548 4364 9660 3953 1646 4233 2469 9094 1748 7431 9133 7272 6457 8717 3606 8428 5947 
23 9985 4450 8599 3252 5000 7720 4345 3159 8522 9015 6417 4473 2392 8796 8555 5740 4292 7565 778 4422 8527 3652 5592 
26 88 7270 2237 1763 7125 7763 9230 8510 1863 2409 9617 9671 7132 1200 9800 648 7817 1395 2232 9323 4083 7060 7323 1577 2273 4440 
24 1978 1545 8995 2240 7519 1819 8157 3465 2806 1539 7667 2116 1877 2721 6368 2854 4120 2810 1534 8067 4501 6968 7505 8178 
27 5979 113 7114 442 9191 7668 6207 5475 9553 2184 9466 8288 8026 1813 9148 2399 988 1104 3350 899 8691 94 2701 8318 59 7935 6998 
24 5067 1706 4112 7014 2561 1889 9324 4087 4701 579 2737 875 13 3898 5778 5047 8901 9164 8457 786 8228 5046 3126 1370 
24 3088 9385 1430 9509 2619 5941 720 4221 4876 2698 6576 1236 803 8336 3473 5011 5545 7170 3078 2227 419 7838 479 6317 
26 7482 9411 2296 6410 6850 876 2684 2694 9054 9896 15 5463 6976 206 673 3342 8358 6283 1589 5643 5534 1575 335 58 1452 4865 
23 789 8000 7940 3947 8340 5141 5509 7146 907 6768 4963 5862 3955 1110 6798 9480 2271 8140 8535 650 9201 901 2307 
28 6965 1833 6662 1879 3138 1524 3510 267 9160 9645 4275 4099 9441 9615 143 3377 5872 90 1359 4375 7385 7860 2312 7774 7639 4883 1989 7281 
30 9579 2649 1794 5887 1252 9890 2422 377 5405 2209 6898 7595 8444 750 183 7915 261 9123 615 5157 7484 1357 7602 7721 9352 3958 9390 5490 3646 9204 
23 8330 6418 4624 6129 9880 6984 816 4173 8108 4261 6384 2865 2134 8849 8496 7606 8454 5351 2114 1951 1348 5456 9776 
21 2571 2418 9813 5507 93 6371 7451 2795 312 8322 5417 125 2761 5932 1494 5839 449 3400 4790 6872 6635 
26 6228 8605 5662 230 8412 9559 1804 4608 6101 3403 9357 1325 3448 5758 4775 4529 7691 9117 4332 5459 3279 5191 7896 9007 7178 4180 
22 7965 203 9533 4573 2796 5683 266 1934 6335 4752 1413 3259 8807 5102 3723 5419 2425 2974 7664 8123 8628 4740 
26 268 943 2031 9179 6141 7630 1772 1007 2474 3186 7041 9779 4347 9963 1059 7502 1389 2798 7724 981 4091 8212 478 749 9115 4519 
25 9914 585 7028 1406 6849 9815 7555 6387 2285 5559 8281 5653 220 6631 4042 4032 9097 6731 7812 6285 149 1148 5318 8096 5974 
28 2099 61 493 3005 7846 9888 2125 25 7830 6348 3634 9527 3820 9057 8082 8701 1667 6719 9502 274 7967 4064 4342 7030 6906 5548 9203 4841 
23 4090 666 3740 5134 3689 7056 2461 1873 3850 5733 8681 6994 7154 9437 6979 3440 7219 2044 6295 1807 9916 9759 8924 
22 9693 3566 856 4470 6665 6477 7187 2762 4241 3229 1991 6191 8514 9386 2755 3109 8855 8677 6091 8044 6833 8022 
25 6815 7005 8086 7458 9232 1634 8722 2549 7062 5401 2835 7743 3046 8417 3284 9331 6036 9183 5265 4226 193 7216 7766 1491 7026 
25 2061 2751 7152 2198 871 7635 7788 6755 6214 5550 4286 8434 802 5656 4690 247 2306 3204 4879 7982 460 5924 6770 3224 1210 
28 2949 48 7383 4894 6004 2788 4807 2630 7516 9830 4602 7978 8266 2033 9157 7705 763 7304 9290 4234 3942 6428 9035 7586 3238 4197 3212 7131 
26 5343 2986 445 3692 8994 4143 5710 5168 5279 6832 9654 3620 8441 8622 6211 8879 7943 3928 1300 2023 1398 7039 818 2395 8091 4596 
27 7522 4863 6409 1789 4898 8133 8431 5808 4114 510 5247 5510 5496 1060 3822 2040 9844 2823 8090 6970 8268 897 739 5162 7976 7723 997 
24 8189 2589 6834 8031 6301 6116 2405 4762 1144 7241 3039 3083 4869 1380 3768 7266 6803 1825 5915 2159 5436 2914 7950 7022 
25 8047 7064 2123 3272 8048 3717 7367 4177 1004 7823 3846 5240 3737 2397 2530 7341 3757 7857 2679 6138 7169 5225 7151 3683 3573 
24 7196 9636 9289 9763 3239 7477 3494 7917 2034 6360 5819 5217 7343 9539 9531 1643 1917 7714 9022 3786 7963 5958 4305 3335 
25 835 4559 5426 1842 3828 3805 8576 5861 5746 3160 360 5471 6784 2855 4907 7032 1727 2175 4571 1621 7308 2146 8515 7868 806 
29 8204 2008 8179 5381 1993 4511 8902 9497 6656 511 7330 4924 8190 6161 3492 8666 2613 6535 1722 7797 6422 3831 9669 3164 4360 2621 4702 7002 8171 
24 1543 677 306 6068 9862 6911 2018 9167 4280 2376 1566 4239 6438 7440 5288 9724 9546 3416 675 9329 7256 4215 6497 2521 
27 6807 837 9803 1227 7867 680 5628 8904 425 4786 432 6386 4856 3062 5331 7298 8466 7895 8390 9667 8517 577 2623 1202 4014 3040 2210 
23 9707 9121 4122 4175 6601 4852 74 4756 294 4845 5563 4998 5542 5986 4378 7540 2895 7765 7873 7350 7349 158 2090 
28 641 7877 3245 6340 3685 6523 9364 846 1281 66 1729 3676 2850 7730 4582 7770 9043 2351 9244 4982 7361 7837 6973 9318 796 9796 2927 791 
23 5975 5402 7768 1422 4705 807 8606 1393 4381 6470 6300 7813 860 7459 7851 8626 5775 373 4085 1607 2188 5606 8834 
26 2620 4405 8410 3135 3926 7757 5898 5103 4397 8860 226 5316 9574 922 9677 3113 2925 1574 4002 6493 5111 7715 8916 7755 9881 2554 
25 6607 6143 97 6062 8798 879 8936 438 8162 7043 4384 9116 8988 9975 2120 9355 1440 6022 630 5403 7717 1082 8386 5642 8674 
31 6663 1305 7861 3281 7198 9979 6529 5237 8448 8188 8237 369 1021 461 9912 8923 9147 5694 782 3425 5671 2279 5677 1164 2410 1902 5526 910 6383 3956 1038 
20 5299 4094 8563 8218 3844 7053 2344 4281 8418 6108 6821 2262 3422 2372 3189 9875 5504 2183 8712 8267 
27 174 2507 8302 3368 1260 9687 7363 353 7732 959 2364 7651 3796 6759 2348 3766 1725 7701 1222 87 8921 824 6136 6779 4338 9149 1896 
25 5721 1190 9750 5391 4855 2060 7408 4823 475 3598 9422 3506 6213 238 4486 5729 7885 2583 8092 8243 2945 9420 8255 3032 678 
26 923 9670 3325 8323 8099 4245 7218 8595 847 2003 300 8246 6626 2258 9154 7139 7894 36 3379 2880 6981 4021 5442 3994 896 1133 
26 7928 2920 7346 2977 7342 3294 3432 3966 883 712 7130 3868 6792 1457 1231 7523 2295 893 9506 5007 6375 8363 8647 7620 8308 20 
24 2432 9504 7898 614 6751 6454 4423 7683 3701 5139 1910 6661 2287 3648 7685 304 3243 8470 3127 4315 7748 740 9344 3446 
25 9920 3207 9626 4686 7926 4314 9919 5933 9856 8460 5208 4754 3902 1884 7562 4928 5022 4667 755 8779 653 1681 1157 9354 3460 
25 734 3729 1736 4390 538 3297 558 5383 3541 1504 1232 1317 9991 6352 9033 599 3644 111 9526 4585 8008 2560 8733 2073 4534 
20 672 8890 8304 7520 5404 9072 6866 202 5363 9885 4547 6964 4538 2965 5832 6084 192 4293 8804 4451 
26 9675 1844 7398 5698 3940 9457 723 6128 1762 2416 2337 6131 1309 3390 4764 8618 9859 6785 5499 8446 6040 1829 9111 5552 1483 3908 
29 3008 8395 920 1888 3540 6647 7438 3502 7494 6886 2121 8150 7381 6048 5376 4735 9832 5385 2926 2750 344 5781 8919 5731 2562 4707 3823 9224 485 
24 4325 3025 6327 2512 2754 7835 1538 257 2439 3703 6864 6035 7725 9129 5753 4655 4567 9692 4609 1996 121 5408 1841 60 
23 957 5444 6563 4704 4950 7610 1893 5136 2136 5648 5493 3327 6093 453 5926 4616 3009 6937 7582 2317 3799 9635 1039 
27 8342 6583 2693 7811 9158 6168 5433 2511 1094 8721 5097 6921 1175 4368 9791 3501 8368 6216 8380 2868 1301 7937 7974 8054 6754 2853 3894 
26 375 6463 7102 5424 2000 4438 252 1568 9697 3547 6094 3074 3927 919 6958 3749 5512 3289 3285 2041 5574 4970 407 7313 4062 7594 
22 606 2581 4936 8394 6262 4252 5322 685 255 8875 9373 4785 9176 5142 6082 5818 8847 1469 6811 1465 4870 3415 
26 8708 7936 8675 1676 4854 4698 4496 8736 3519 3957 1092 5627 7589 5930 1168 9827 5312 6957 1068 6636 8883 5075 3033 8488 7418 840 
28 9090 2166 8728 457 1433 7337 6202 8481 2893 6460 554 7629 6038 3228 8233 8206 1028 9814 2282 2266 5755 9893 8572 3801 5434 725 6723 8005 
25 1284 3507 2881 3169 5255 5481 5268 1623 4767 6936 722 3231 3874 4541 4086 5173 9350 9972 692 909 1558 3897 597 8981 3626 
23 1005 5968 5950 2593 2499 8561 8345 3387 8299 462 6593 999 2947 9689 1730 5855 3089 9842 2643 237 2606 8362 4522 
23 4150 7061 262 5171 8991 1400 1311 1358 7100 889 4593 4432 4464 1167 8128 6852 9272 1379 5429 7087 795 1823 1419 
24 6198 4793 5705 6520 8900 3001 1476 9297 6809 2453 6977 92 4157 9193 8537 9841 721 3456 5319 3726 7949 4861 7541 848 
26 5335 9256 5732 9817 2368 4020 5602 3733 5762 647 5378 6482 855 8151 760 1382 8226 1523 9866 1318 309 7752 1984 8725 56 9717 
24 5573 8420 3288 3809 4872 9822 9585 2332 4176 2466 1839 2959 6808 4996 3420 5033 639 4743 1373 9797 5741 1450 6273 1158 
26 4475 9740 5540 7277 9341 9130 1533 7050 1475 9508 7785 1126 4427 844 3206 6639 3105 4792 4199 3226 7324 8692 3262 4460 4458 7133 
28 4687 8111 5406 5517 2710 7387 8909 9286 2004 2894 3154 9018 572 7211 2447 7777 8116 1193 405 6846 1472 5494 5666 4776 7977 9074 1828 6071 
30 7711 1866 3739 9011 6877 3603 6009 6793 8413 6672 8121 6823 8837 2732 4770 1802 7243 3881 3258 9584 5224 5788 7542 3884 2900 6599 2960 349 403 6395 
26 9216 3230 219 9138 5864 718 4840 8063 3790 9363 7233 5151 6074 3662 5805 9492 3584 4809 9198 8908 9280 1728 4081 7217 8985 9005 
27 4065 2112 3833 2056 9464 6942 1797 9397 1818 7671 2969 1223 3143 3427 4871 9139 1493 215 1162 6446 4886 1509 3349 2367 5395 5726 3734 
25 84 1900 4420 3594 6114 3216 8064 5352 153 5708 9448 9839 3485 9507 6565 5825 9711 3043 941 2094 7821 1673 5119 169 7159 
21 2709 2828 6239 4208 1018 9642 1542 6032 2292 3004 6782 8401 4133 7310 5609 7649 3162 4927 2408 6876 7818 
25 8546 7373 6076 6548 2812 5997 254 9872 9899 1353 4236 2402 8411 707 5336 9438 6954 1506 8556 983 1608 3565 6486 3402 2988 
27 3311 6706 8703 2981 2171 3163 6988 3091 6498 6165 9608 9633 1213 5020 9904 8078 3888 2165 7791 8930 5060 9870 4919 6288 6179 9222 9905 
23 3367 7097 8373 6297 382 8339 3633 7741 9338 8165 9926 4671 1536 4183 1304 5501 6551 2085 3495 618 3010 8371 2267 
26 5222 7015 229 5556 7344 7536 674 7737 1321 788 7004 7437 9538 3157 516 4558 337 7099 1205 4517 5984 5695 7302 4247 623 5942 
25 6694 3827 9732 8747 326 2907 5070 8885 1088 4834 2500 5313 7136 6148 4096 5454 7443 250 3610 4206 7596 2458 4545 2038 757 
26 908 4255 1860 6536 4657 8609 780 4727 9301 9843 9698 3209 6717 9745 8451 7944 7828 5144 2655 4308 22 1677 1048 1184 9884 3814 
22 1695 9049 9372 6397 7142 4532 9257 1847 361 652 5349 6379 944 5963 6553 2800 9145 5605 5081 6016 5448 231 
31 3869 2009 6633 580 8271 400 4387 4913 3338 1508 3211 2214 2740 2428 173 1639 2739 4734 7675 9001 1799 8039 7212 1069 9279 3151 7539 3306 2028 2245 6390 
23 6160 5780 2308 2007 3496 6389 3742 4351 3813 4934 5210 8503 4007 2579 5645 4611 6233 924 3727 359 5271 5515 4185 
23 2316 4796 9739 3148 8309 964 3613 8741 102 6818 5943 9891 859 6468 9683 6067 9747 4334 8098 6829 6703 937 8439 
28 3257 1114 2857 1869 3891 5090 2246 3215 2320 7916 65 9221 612 9582 3661 1733 1945 5206 4711 5305 4513 7751 1801 3436 6926 665 5309 4039 
26 4321 5679 8224 2230 1565 6495 6962 3821 8949 9648 5838 6037 7764 8030 1235 3663 4370 2437 2241 6569 3677 260 1410 9408 9611 9536 
27 8029 4742 4417 3439 1588 5716 8203 6265 6279 9743 6538 1703 355 4956 714 1243 2910 1238 2492 8180 1052 7264 9650 8069 3421 9560 1662 
26 6740 6018 5909 285 9741 2118 4782 1746 5881 4712 301 2991 4162 9293 9113 7984 1612 5797 5056 1738 2349 5057 7652 2513 632 370 
27 6208 8458 5885 1959 1773 5557 498 129 1239 7134 9047 9398 1298 8354 7789 6897 8414 4591 4649 6619 3577 3913 8152 3712 3628 1692 5253 
26 9463 117 4877 489 1037 894 4135 6596 2747 6616 2822 207 365 1456 5361 7880 4189 114 6483 3373 276 4739 4041 8455 3201 9720 
24 8564 9360 5815 1553 3475 9314 9471 115 5840 7121 5637 7871 1241 3792 8756 8033 6107 8592 2221 1698 1226 9260 8236 8479 
28 8509 7506 507 8614 6298 4194 3564 7614 5012 2124 4947 8508 2885 5472 1064 2859 4853 7202 826 7698 9368 3769 5989 5163 9532 1145 1834 4795 
27 8792 9581 4084 9702 1414 6173 9512 5851 5164 9578 9583 6170 487 1957 1672 3765 8195 3753 7881 7374 552 1675 5681 7568 4958 3141 5399 
29 5307 3817 3471 5598 2324 5281 6416 3191 4119 9152 5116 8319 5167 6034 2319 3407 6408 5514 1477 5372 1248 4696 1901 2039 6254 9300 7886 3806 8582 
