31 6198 6819 9559 1758 4480 6382 1751 385 8256 5417 6044 4344 9920 1985 1783 863 9999 3769 5340 5368 9697 7302 1913 1463 5323 3307 5709 7743 8164 6023 2968 
31 8450 1614 1924 8642 6348 540 3832 4241 3158 597 505 8162 469 7854 6344 3626 8796 590 8062 3514 4254 9275 4861 8314 6692 8972 3058 7142 8306 5303 5562 
28 1566 8952 487 4487 6681 606 9820 9128 546 8380 4133 844 1061 1083 2454 9917 6908 8783 7862 6528 9505 9630 1211 3776 2880 1246 8351 3823 
28 9475 8590 2482 16 9989 9459 7668 2590 1948 9935 5229 5468 6706 8243 7404 5452 3935 2208 7603 8785 8197 9483 2879 1227 433 5410 3739 7166 
28 6428 5967 2169 3953 2260 5596 5439 9258 9583 3178 5289 7533 3191 3032 7970 3570 6247 3092 4425 2592 1338 6508 2732 331 6401 2548 1331 2829 
28 6975 2394 3518 9954 4044 6959 7243 5278 4663 8478 4975 180 6924 9658 4407 3324 7114 7083 5240 1324 1586 545 824 6321 8301 5599 4526 3227 
32 8103 8099 7216 5895 7870 1597 2049 4717 5726 4515 6790 9956 1777 4413 1039 5505 6905 1252 9885 642 8137 3251 2288 6920 7631 4704 3676 7684 65 7156 628 9430 
31 1134 9037 7781 8399 7394 8445 6655 9149 2955 2305 3260 5135 1253 6187 3134 4297 6612 8235 8173 1618 3351 951 8195 7145 6115 1851 5343 9775 9244 9196 6548 
28 7678 1285 7871 6844 6618 7229 4383 1904 1023 8678 4902 4110 9458 3786 9804 6953 6254 9837 6574 4036 8169 4884 581 7413 105 2612 5018 3467 
29 6261 7047 5462 1035 7117 4356 5282 1643 3281 6443 5902 2910 2658 6010 7255 6868 3842 9661 9913 7973 1096 349 5037 6592 5234 196 7747 4417 8343 
29 2234 2864 5794 7327 2846 5433 3716 5426 6768 9803 5565 5483 4010 9486 5518 56 5962 9436 5120 195 5584 6318 8979 5043 8326 7018 4255 3248 467 
27 2139 9159 7120 3610 6750 9761 874 5121 3152 7765 1719 8041 914 906 8749 9201 1303 8034 8522 4551 4954 4203 5930 2694 7066 4971 2272 
26 9151 1271 9669 1769 1573 7046 4293 2359 5592 8996 7247 9642 7322 6559 5657 8211 8307 2827 7987 9134 2812 4747 4571 8814 3143 1105 
28 5266 1833 8130 6294 901 4629 7592 5071 2019 1019 8571 4048 264 6542 4711 5757 9901 4779 693 4648 1703 5115 9580 7671 9204 3459 3523 4619 
29 835 1062 1575 1745 266 3905 4497 432 3323 5510 9299 8087 2551 4559 8287 2593 400 6717 2945 858 3521 6813 5501 4783 4532 5204 1637 4061 6013 
32 45 6340 1407 4535 275 3476 4249 7032 6648 3662 1886 9362 8047 7712 3484 488 8437 4250 9156 3294 7770 7904 3208 2534 1195 3408 867 3035 9119 7952 1500 5374 
26 3060 8273 8569 4520 9187 3791 9072 6290 4720 8552 818 5131 4042 3912 1107 5172 9132 1582 2744 9941 6487 5358 6069 3161 8495 4598 
28 156 8946 7581 7575 9787 5045 2679 5446 9096 292 3089 5880 3461 2700 6992 9353 5144 3758 2291 2143 296 9686 4353 9815 9291 7003 4626 4232 
25 9053 3775 7279 9540 5533 718 4348 6037 1488 8857 5688 9323 2407 9852 5294 9906 5729 7410 9369 5970 898 6181 4972 7810 9799 
29 2717 9960 7976 9785 8613 7450 1102 5701 594 4765 2350 4219 2087 5440 7167 9643 6494 9566 6823 4177 599 3649 7593 7951 449 7181 1721 8397 6094 
29 7849 8447 5511 2 1923 2331 4302 6630 8511 7882 3819 4614 7041 1593 8405 4637 7556 6962 4962 1494 8685 1728 6100 6301 5989 8692 6125 2585 8705 
29 9670 5645 601 6001 4917 5052 6817 3541 9179 7916 5772 8302 305 8275 9991 4606 4731 4534 2125 8442 3986 3801 9364 1384 6222 9418 4999 3588 5885 
29 5254 7222 2191 6657 9267 6049 4272 4343 6309 4390 9849 9016 4435 5618 3646 6608 9386 9609 955 5628 1755 9641 4715 7848 3809 9687 4277 5169 2357 
27 2758 8724 1339 4393 7009 5843 9443 7356 1960 797 4845 9070 1104 3828 2199 8219 4406 869 4876 5480 6266 2408 6955 5094 4244 4339 2117 
29 8980 6720 4804 5156 1205 2756 6421 2538 3501 2183 115 3150 5309 1611 4968 7517 1930 9523 8888 1403 6517 438 8167 7604 3543 5589 2800 7729 5656 
26 6430 3579 610 2141 2613 9178 1740 8083 756 6432 4919 1630 9514 7171 8918 9644 346 607 4678 8319 390 2901 2616 6605 1070 764 
29 5832 3025 27 3929 8933 4577 8251 5827 3176 4583 413 4482 7912 3906 4604 9160 5352 2070 4319 3031 6095 5697 3475 7641 1933 3270 1230 2076 4539 
28 5876 6770 7790 3272 3429 6515 991 6446 5883 593 790 7795 3546 440 5083 887 5150 6825 9624 6915 7540 9482 8753 8165 4839 976 2536 7228 
30 701 4976 1417 2232 6296 8431 975 8974 7888 1368 5393 7118 6323 8931 6786 410 5570 7309 5453 7112 5089 1852 302 2437 463 9794 3223 4615 613 7547 
29 4182 7183 3781 5010 8249 9808 5159 332 3670 6725 2591 4335 905 5040 4233 6993 4511 7853 4121 2908 5927 694 9346 4813 394 8734 1970 2376 5341 
28 3448 5147 7060 9636 3620 1238 7538 2168 2743 3745 4880 7305 7053 3890 4308 4401 6157 7234 6906 8465 8063 2959 2740 1224 2461 1843 1474 5915 
29 2922 736 1926 1994 1081 8006 7728 4340 4112 5820 527 2662 3727 9564 4958 9701 5661 1489 9821 6052 7829 9827 2157 3650 6984 8531 8401 8694 2753 
29 1959 13 598 768 7351 4503 943 8523 8958 8368 7956 3742 643 5842 1825 6938 2787 1069 5405 4846 5017 5515 6639 6207 5702 1106 3920 485 769 
27 1711 5116 5903 5153 2891 6747 9892 4621 1613 8113 260 7530 5166 3224 5882 963 4682 1881 8375 7900 1882 4851 864 5538 7852 268 3301 
26 5959 3581 9826 6889 1441 9919 4589 3151 7522 4140 1706 7490 648 6045 7943 4253 6012 9114 5395 1369 7617 1077 3447 8987 9398 9995 
28 6812 7984 6154 8791 569 2174 7408 4179 231 1478 2052 7177 4617 8294 9663 8826 6884 3977 2002 5414 1545 1279 9782 5664 1288 7162 2559 2779 
29 2921 8961 1250 7636 2775 5182 7336 3105 2116 5536 908 8025 7352 2671 5625 5708 4432 8640 9254 4761 6870 3862 3499 8382 2171 7649 3056 9316 6558 
26 389 6046 8937 565 3507 1034 4864 2887 5214 1871 3757 5746 7905 3266 2728 9161 3008 3979 5092 7726 8258 6848 6736 1313 3729 3473 
32 2822 4065 3179 3322 9150 3844 5304 916 7304 409 8015 1063 1233 4538 9532 9516 8776 2348 8457 6886 5642 6329 8925 7456 6860 8210 6262 4816 2939 2859 2531 8570 
27 4611 5557 1961 1049 34 1283 1360 5744 7425 7157 4860 301 6601 6343 9046 5833 7885 6 9878 4664 1015 3918 4832 4939 4483 7710 9710 
27 5634 476 2395 4566 3130 4096 7927 1228 5404 5299 6016 8529 2660 730 8021 3633 5357 8822 6113 326 1891 6593 9433 5223 6158 1916 6297 
31 1408 2599 9899 4079 4076 1585 3335 3396 6364 1024 4387 4749 5351 6093 6170 7432 5067 2845 2981 3645 3217 4502 6743 2432 8055 1911 2166 6357 7174 2493 3116 
27 3155 1111 6402 7980 8189 2161 9673 6582 5002 9587 572 4448 3788 2689 8493 6353 2257 1321 1823 2781 8270 1345 8345 2510 3257 5858 9041 
29 8172 5966 8017 6265 5945 7430 4661 4722 4882 7249 7750 8904 3520 8106 8825 8837 5694 3066 8704 2238 3699 8395 143 1991 7628 9001 8647 6969 7801 
28 8044 4447 9662 2713 8476 3858 3246 2243 381 907 2030 1640 1118 5810 6104 3371 2714 2647 2283 9650 6308 1012 6830 1695 9679 2324 186 1937 
29 4467 7653 5041 2332 1956 2841 2698 4181 779 5796 5631 9597 1920 8486 4457 6907 5572 7184 2696 9266 2443 5957 8795 251 4842 8104 8069 1503 537 
28 6507 8565 4957 2205 4677 1767 135 2842 996 9593 6146 4945 7483 585 3740 287 865 6054 5507 9916 2274 9922 923 4854 5110 5165 3754 7396 
31 187 188 4697 7084 9391 4018 7773 6500 6183 4500 1620 9502 2428 1245 7895 5437 4585 6467 3109 3965 5897 4136 891 6017 567 218 402 348 8480 2763 7036 
32 2734 3236 3681 1505 7769 4186 3608 9356 5258 7503 8257 530 8528 4055 8868 1726 6478 2798 4337 3379 5658 6936 6777 8823 3080 6672 6483 9717 2483 9005 9968 9481 
27 4115 9366 7694 9856 6167 83 3453 8754 1329 9889 8673 4394 6809 4287 926 3393 8449 3237 8514 4584 4625 8739 2866 6004 2490 3653 9927 
26 207 8366 5545 1600 7526 675 1220 5228 5122 1231 3378 2315 4037 4404 4342 201 1557 3577 2462 2926 808 3893 5409 2302 6029 6722 
27 9861 5134 43 3385 1430 1174 8634 230 8969 7623 1135 8390 7146 5731 9521 1945 2059 3870 2361 6564 1371 5337 7101 5024 2568 1177 707 
26 3216 3628 8733 4083 2289 8901 9781 84 6658 1258 9460 121 2773 4838 9875 3868 9307 3807 2973 5193 1879 448 7283 77 4422 4330 
30 2995 3256 7011 5537 3186 6473 3009 4314 9173 8260 4903 521 2444 7400 4084 3751 6653 7542 6373 3805 3124 3255 2544 8171 990 146 2606 6878 5430 4517 
27 6440 5679 4980 8141 3671 4032 7709 4776 7626 9280 5013 9464 7998 224 8988 1982 1540 9800 3014 9713 1498 1145 7925 2155 7646 8011 8716 
28 2368 9246 6729 1398 7449 1730 3264 5724 2158 3863 8466 5839 3960 3157 4155 4289 3792 6991 9326 5600 6303 5484 1361 1615 2203 8360 7772 5926 
31 1813 2830 5941 3665 9732 7482 33 1770 8503 9382 8042 8336 4478 7081 5662 4157 9683 1709 269 8378 6383 1656 3329 6730 2387 2193 4409 2119 507 6821 6372 
26 3873 3765 8910 5310 3898 7815 3678 9365 6772 2948 680 1998 9512 8425 4132 2505 2026 8548 4300 4836 8487 2533 3077 2709 5320 4171 
30 2870 4830 9117 8654 1468 5585 5412 5350 5769 8602 7664 199 3000 2811 5361 7811 2122 5523 2537 4160 9465 2321 4556 2888 4837 4755 4464 2892 4097 7858 
28 5482 9166 3126 7744 1925 964 8679 3724 208 1821 343 2276 4106 7372 8340 6731 9171 9152 5367 2311 4150 9698 7051 7524 5211 1947 5287 9146 
26 8078 1909 4307 7869 350 8281 3277 5857 8762 5463 8984 335 8789 9847 7201 1269 7429 5789 1732 5408 8342 8490 2043 6260 2427 9649 
31 5604 7251 8890 4436 3707 7268 2039 3711 915 4091 649 8218 3070 7159 9923 7484 6846 5128 6997 376 5235 9199 6449 6642 549 2032 2436 8367 9932 5977 7074 
25 9141 5865 5886 5868 8266 4732 4247 58 5108 4519 5280 2558 6853 5571 7298 6865 9948 5141 1287 4699 8695 7365 2072 9616 4698 
29 9601 9248 6815 5714 1402 7981 5802 1799 9612 3086 8274 753 1225 4569 2303 8358 2682 8805 2240 8443 2797 2906 2001 4384 7975 3485 825 8994 5006 
26 8346 9408 6221 4446 2216 3489 559 7129 7706 9809 5104 2346 9091 1327 6076 3211 4970 5633 6031 6963 3052 5032 3401 7307 2345 1634 
26 3516 3560 3696 6522 3205 3464 5651 7168 7866 4599 871 8115 4006 6144 6840 404 1027 3498 7139 2197 885 8064 2095 3468 8070 1374 
28 8786 5336 523 2801 182 6606 4030 5297 6163 3304 7196 5276 7223 5813 9109 8489 8292 9539 4665 533 836 2615 1748 8158 6317 9945 4825 6217 
30 7674 5944 6864 2664 1282 678 1435 615 3339 758 3532 4908 909 8646 8921 6617 4748 8897 4028 6661 573 1026 8499 6077 1005 2761 7640 6061 6239 5567 
32 3592 4805 8657 5213 4476 7022 7418 9309 4215 8324 9257 4075 9269 8196 6236 2074 4949 3067 129 9372 9611 4080 6832 7877 8228 1928 3978 8848 6369 2385 2463 7270 
25 4904 5049 8471 9288 4454 5176 82 4669 1902 1872 1866 4051 5179 5248 5398 8608 3404 2344 1658 2571 8192 1170 7921 7577 7371 
31 3425 1125 994 2252 6073 443 5315 5028 6244 5163 4792 4546 5951 3131 4434 4002 7550 2825 1079 5004 2364 3822 8923 7919 5549 5286 1551 1132 7746 1168 9882 
28 7782 9215 7475 466 1138 817 6567 600 8861 223 9278 8295 661 4056 3980 1057 5194 8179 1815 7477 6685 8719 5136 4649 506 842 2750 5711 
31 42 6493 3430 5878 1165 1074 724 1860 3313 8804 1264 5949 8459 4430 3174 881 4424 2433 6140 1616 7004 6079 8621 3478 6911 647 5376 3661 9614 3435 3305 
28 3766 7606 7901 8125 6304 1964 2373 5639 6954 3512 5750 5605 9122 5871 5682 1534 1848 7696 8317 4590 4973 3767 1935 2630 374 2165 9554 6694 
31 5014 7297 8134 8607 8547 7922 1100 961 375 8518 3891 1725 7960 6365 5553 4568 2508 6396 8650 6782 1889 4510 6783 1297 3580 6041 4488 8767 120 396 4853 
27 3353 9635 8500 3283 1677 6338 2033 965 1668 9414 6958 8032 5795 8616 1299 9724 3940 6285 2669 8199 7771 8023 5447 8247 3589 6399 3250 
29 2182 8778 8080 1236 3667 6595 8001 6419 8813 4118 2815 388 8429 1162 1697 2322 6191 9090 7930 8334 3829 8117 2818 6575 8508 250 7098 470 7204 
29 493 8983 4309 2768 3243 3127 9084 9123 7278 6249 4003 733 5540 1396 1847 6162 5068 5521 9671 6882 9555 4873 9668 18 5960 7731 9499 9613 8419 
30 3183 7584 9727 9095 3972 8820 4858 9915 9231 7271 2742 3184 8338 2246 5782 6481 1936 9758 7796 2994 3990 4187 2878 8396 3133 5735 7306 9289 7955 1399 
28 3709 4349 5896 810 8968 4638 1436 8562 8460 9546 1149 5139 4269 5263 2631 8337 985 1447 6977 3571 5805 4848 1968 2976 9805 8559 8847 9320 
26 7245 9131 6504 2330 2236 5862 4298 1413 3525 7994 1952 8628 5114 8118 5575 7917 202 4496 3824 4690 8216 2088 784 6843 1315 2941 
31 3117 7639 4236 2147 6888 6551 6552 2153 5096 8594 8831 1883 3002 1901 9618 8255 5929 6273 556 176 9237 5236 7958 7989 1511 6475 4468 4263 2764 6850 6311 
26 1826 7382 1712 5705 4391 4782 8506 8626 2770 8509 7462 7783 2644 3773 3768 1814 2054 9354 4216 904 4346 1088 8533 7008 7474 9987 
29 4974 9951 9937 6277 2802 9029 1050 6748 9813 6108 5242 2455 9677 1037 307 6742 8790 7012 4988 8963 6629 1319 5738 8905 5504 3885 8960 2083 7326 
28 2150 9832 5241 1152 2693 4175 5598 7330 2058 4090 2725 6026 9108 3103 9195 6375 4956 6689 8635 6193 4326 3547 9270 9422 3962 9707 2123 677 
29 3190 2823 3704 4607 3405 429 663 5759 8008 4431 6696 8308 6945 5347 3830 3846 9375 4575 3344 2170 2990 1159 4700 411 4360 7837 3915 6842 9253 
27 4172 3288 5326 9772 420 1326 2137 2132 1679 3225 5652 6751 3718 6684 1812 6461 3097 423 2625 5215 14 5123 2809 6476 6491 6660 828 
29 526 8372 3016 434 7496 6971 1210 4831 9773 8067 3253 2017 3728 5137 2686 5196 4641 1786 1548 1670 1298 7756 1655 217 8779 3880 3526 4847 3999 
28 6190 7151 7481 9548 9461 2064 7001 673 5401 5974 7778 7055 5581 2622 3059 9712 4920 7500 755 5617 5407 4863 472 2035 1876 9048 9869 4826 
29 1577 6509 8468 5608 689 7682 6985 3928 3865 2646 5290 9504 9315 4929 776 9728 9162 386 2275 2405 7089 9185 4750 8116 5243 741 2284 6358 139 
28 4764 8464 1241 3821 9745 6471 9964 7321 4376 622 3854 6994 5706 2987 5264 7805 3591 5378 1072 3360 9444 6133 8161 4310 9017 902 3037 6514 
29 7883 94 7026 2037 6983 662 7295 1849 6438 5429 7110 5778 3743 4657 3395 4762 2273 4070 6594 7505 9990 9112 3713 5015 6780 3446 4087 9216 3168 
29 2417 8906 6718 2512 3557 6519 2068 62 7707 5998 989 3568 4898 6900 2160 1811 9681 7492 4545 8126 1423 6468 1394 9234 4900 7420 4367 9924 2237 
31 3187 2038 5383 6250 173 6057 2838 9525 7299 7239 5485 4465 5133 8321 6143 6033 1795 9368 5021 672 8309 5519 1516 7378 8852 70 8452 1623 3642 9065 8893 
25 7324 3951 7494 1113 3741 92 971 8534 2245 4016 3572 435 7860 632 1372 4041 7817 8428 9055 206 3857 7002 8374 937 6875 
32 9435 1846 8327 2472 5528 800 9300 3556 7974 5601 5073 8735 163 8313 9232 2762 4043 1633 8145 1131 3137 4251 1906 2251 3930 2380 109 8981 7889 4211 2271 7029 
30 6933 8364 8781 7014 970 1907 1592 3462 198 609 2062 6523 6784 2186 7161 5622 8932 6083 5894 7043 5621 2565 9934 8516 8344 7700 3282 9023 8354 4712 
29 3922 4801 5324 3302 9268 4942 7929 4358 8687 8328 4282 7949 5074 5691 8845 7182 2411 3085 3115 5491 7275 9563 3752 4947 8938 5841 5937 1295 6926 
29 691 288 4896 4481 4867 1124 3853 5218 5238 639 171 9634 2100 7792 162 8611 7498 9883 5560 5830 1496 6371 9301 9100 1931 6148 7632 2060 501 
31 9371 3258 377 7436 8330 5488 6535 8950 584 489 7346 6854 7221 5113 5450 4142 7552 7567 6431 1949 1688 2619 2555 9765 2448 3843 9426 7920 2159 8361 7414 
27 4071 1067 5478 6876 7842 8263 1910 189 8512 6286 6550 112 8738 6447 3542 7755 3024 2665 2617 6881 4786 3502 378 1941 3214 8580 8808 
26 660 4099 1639 6062 5670 4948 9184 5314 2292 1625 805 4029 6342 6072 3279 101 6941 3372 3189 4296 2553 4965 6553 5690 8187 5992 
34 1579 1831 5149 6000 8829 8851 3735 2474 5689 3983 9008 720 55 3672 259 8609 703 2145 5700 2262 1444 9419 6898 6299 5806 4475 7300 3411 8758 7677 8909 7126 7808 1316 
24 6603 5555 9416 2410 674 1598 1521 1972 8763 9973 8942 7208 7319 6947 4484 7260 7241 5208 3586 2336 8359 6917 1790 6455 
32 8709 5031 2365 3044 5448 5313 290 2044 9317 4990 7068 6964 7939 1129 5441 8688 9002 5655 640 9726 807 4498 6153 8756 7614 713 7784 2919 543 6028 658 7233 
29 3039 820 5360 91 9675 8681 3203 289 3292 4027 3263 9335 7499 8279 1895 5190 4610 2465 7940 9011 4911 4040 3314 9245 8623 2480 6895 4014 4291 
28 7643 552 1380 6313 7513 9394 9571 9921 8530 7488 5648 6182 2776 2379 7725 5683 5402 367 5644 458 5921 4811 5319 6628 118 8668 7722 2438 
31 1785 7539 6330 8418 6928 5908 5940 4252 4495 997 512 7809 514 2415 384 918 7286 6454 7884 6081 7714 859 426 2637 3826 9074 3943 5142 8916 1438 5001 
26 9738 2600 5919 8584 6027 3882 956 7563 8684 4859 7284 7514 6018 4020 6078 5270 3814 5779 5039 6360 7250 11 7435 3504 267 2256 
30 3636 1641 4442 2337 53 1046 359 2867 3923 8093 7200 6119 7788 9265 8174 7451 1122 4317 3245 3 5493 7469 6793 9757 3451 2688 1791 2651 9986 6524 
27 7080 8644 2228 9352 5237 2313 304 1412 8007 1980 8370 169 5472 5285 6305 155 1163 7934 710 2187 8357 2214 1687 6202 2952 4380 5471 
33 4891 5454 8394 1141 8740 6459 5390 6816 6411 7979 7529 6463 9466 5356 2552 3229 1314 1530 8862 7948 1240 3054 3321 9401 7033 4767 7688 3970 9993 1464 4024 1627 8385 
30 7937 1187 9031 336 3640 3036 1485 7185 5346 4350 3004 5786 8622 6242 2707 4328 3337 7476 2130 4799 7559 777 6149 9220 5161 5765 4085 7786 876 7857 
32 2635 9997 7277 2526 4323 6869 9562 6719 2509 144 9247 3306 4713 827 6899 4492 1161 9733 6631 2547 6486 2628 1473 1013 4072 1580 9702 6088 9273 9110 2441 2400 
27 8995 8698 5997 8798 7379 8711 8737 8035 2080 7059 5099 644 3108 2210 5527 1648 9518 9283 894 7287 2832 4462 7480 7124 5246 9154 4791 
32 78 3534 3902 1631 3647 8177 760 2055 5460 1836 576 2354 3685 6490 2404 3057 4035 8408 1867 6040 5788 1076 71 103 8376 5890 9407 5924 9763 1546 8074 1738 
24 5046 4057 8204 7605 7572 4780 9439 2022 9355 8721 8614 1828 3924 9170 2786 8600 5666 9759 2730 9741 1973 3465 1793 4054 
29 7576 1942 4327 1675 5084 1166 1325 7257 9223 4490 3252 3020 1884 8703 4053 8596 1276 778 7048 4624 1418 788 5556 5155 5256 4588 4959 520 6243 
27 2586 2524 167 9393 3632 5251 1969 1216 1439 2757 9203 1955 8879 5225 8553 5069 2605 980 8895 8473 1334 9271 5065 2884 3195 6065 945 
28 5500 4494 7015 6474 6727 2803 5964 9107 4025 4064 17 2366 2824 6545 5272 6568 7824 7586 4798 6289 7541 2958 9143 8362 6120 1378 7908 3779 
29 8854 3875 6168 7528 7361 9537 8592 9736 5192 3262 1450 5386 1029 418 7104 1578 6607 239 9902 6650 1744 5432 9860 2962 1765 5877 6456 6422 7411 
26 5262 3412 314 5005 8469 8463 5869 2304 9272 6760 7276 8899 9926 4202 7385 5766 6923 2503 7846 8203 2149 503 2507 7580 5681 7501 
30 6056 7590 4338 6664 6363 5910 1133 8206 571 4226 2949 5594 7999 7938 7957 921 2751 3834 5427 8732 6386 5186 4220 3726 3338 6180 6255 1200 7034 2374 
26 570 9236 1768 3201 1344 4636 6764 3553 4388 1406 6485 8887 1482 9452 2778 5559 7665 936 5328 8746 981 4129 3106 3583 5481 7254 
32 8858 1130 4469 2396 1689 5542 3500 5059 1624 2027 6966 605 3563 9703 1431 1335 2623 7767 925 9911 1894 7544 8675 9535 7797 984 8076 3001 444 7052 6136 3748 
32 2440 9413 1442 6910 627 170 2769 1747 8691 6412 8253 148 7610 5852 8999 3418 3132 6665 6663 6341 5369 5983 767 2577 253 7686 7075 9501 6118 5293 4705 6480 
29 2772 9191 7397 7030 4639 589 740 4486 347 9451 1535 4686 8990 913 9432 4633 3356 3621 6789 2904 5364 5174 7658 9077 4995 279 9059 1958 1119 
30 152 5030 422 8090 3350 8745 5680 1239 1223 2535 9857 3079 4207 237 5054 2886 4687 6512 4918 5900 3689 1900 28 7246 3232 1270 8606 6972 7377 4928 
29 7833 4141 9891 5713 3139 4874 1612 550 1490 2843 7150 3094 3026 4894 8323 4667 895 4396 2618 8912 2460 1922 9722 2494 1 3527 2109 3342 6122 
27 4189 9360 4751 8237 7986 3937 5247 2928 8982 3377 2110 2362 4642 7019 8402 3648 8801 7657 1780 8010 8217 4445 4879 1868 6060 4601 9138 
30 9106 8653 5201 4151 4530 9696 2836 1420 6138 1504 57 8885 483 3486 9493 7558 9840 1727 3088 4449 2935 3631 6839 8670 5546 4681 8082 113 387 4373 
28 3042 482 4802 7865 4060 630 2868 1103 8284 3606 1085 831 7285 1428 9086 6349 9771 1495 5990 4691 6787 6626 1481 2406 2225 5007 8244 427 
27 1048 3856 4777 1429 7597 8438 7267 9943 3790 8129 8377 1156 9603 6573 3654 3413 5362 3998 861 246 9337 7825 3135 6771 1484 8806 525 
28 7148 1066 4710 5102 8877 4031 3644 7163 7291 8855 4218 1089 6328 5191 992 3013 6712 1469 6109 2913 6598 2363 4073 3072 7265 3559 7690 1235 
34 7318 3249 2195 7914 4628 4766 4005 745 7441 5423 9515 3194 7554 8054 3019 3574 8029 6307 5157 9844 6571 5277 6503 6185 9087 6105 9274 7077 8009 7472 7170 1957 9744 8194 
29 4119 4922 4122 2755 1342 1059 5090 738 8201 2020 8288 3655 1542 3154 9379 9047 6986 3421 7415 2727 4737 809 6087 2594 1305 7292 9292 3125 9476 
29 3123 5815 2430 9719 930 1661 3368 6968 157 2608 5348 2066 8625 8435 6767 1510 4128 441 5164 8422 6272 3403 7535 2521 3602 1632 297 8660 826 
28 5777 330 2649 3076 873 9816 7158 4579 4673 4795 2290 4173 8965 8444 3864 2127 6085 3971 4265 2310 265 5132 7856 1856 9969 4685 7663 4362 
28 3590 548 7695 6280 8053 6708 7412 4130 7739 5720 52 9689 3585 5822 2852 2895 796 1908 4512 875 8259 890 2369 4865 3895 1672 6355 4912 
27 9488 6424 3575 479 2101 3267 7072 8769 5479 7172 5727 8682 2067 2287 9472 2915 4127 9750 7635 9946 4668 2128 2177 2173 7085 3219 7966 
27 4753 7331 979 793 5400 8913 619 5438 6757 516 1044 3795 7983 4800 8557 8686 6251 6142 9290 4827 6337 7599 3454 8696 6887 1008 1950 
25 5057 1038 6155 2439 7393 2774 2011 76 185 464 6513 3615 7141 2115 6833 3613 6496 2597 3359 9577 283 6896 6233 9424 5321 
30 5798 89 6275 8453 3845 3533 1659 4278 515 1427 9073 8689 7190 9471 6175 9819 8917 1237 8146 789 181 8629 8930 166 7341 22 8915 1362 9770 9344 
26 5465 1330 9930 743 3618 5411 9769 437 315 624 8238 8028 3603 7025 1513 5674 7078 7040 8768 1041 1550 1370 6521 9838 3848 3432 
26 6197 7380 4397 8513 4248 4788 947 8332 9097 6874 3887 3284 4261 3747 8955 517 2705 2807 574 8998 8248 7913 119 6413 5845 5725 
31 6669 9756 6543 656 1797 8878 5332 4192 4527 2144 4134 5497 4325 6590 3641 2077 3896 8348 1940 5284 5342 3771 3434 1989 8743 6795 2213 9971 3212 3409 646 
27 1788 4311 2469 291 5125 9621 5956 1120 6957 8907 4101 8409 1459 4892 3271 254 1087 3958 4936 2872 9045 3230 6537 685 762 9876 6397 
28 9014 3505 8872 7891 6359 5854 6893 3358 1222 9984 4537 7054 3594 5718 6540 5539 8843 8620 4333 709 6336 7806 6173 8610 9431 8157 3087 3719 
29 6570 8595 2785 2384 9224 380 9565 952 911 3397 5020 4578 6159 1555 1934 5649 5502 5776 3984 8138 6232 2985 9473 4680 8603 8298 4871 6709 5836 
28 4967 2607 3259 3694 7878 1003 3763 5520 252 5909 3753 2977 5692 5834 8252 5279 9605 9066 939 6544 4644 5635 2113 2530 3540 4368 1199 9783 
29 7851 1817 928 5860 8423 1422 6995 7629 1742 5530 2006 5616 7915 3619 1172 5980 5579 4011 5373 8844 4461 4890 4102 9544 2733 8978 4991 3531 6732 
25 395 5171 3907 7105 5612 6395 690 5027 7557 6904 725 4283 3900 3530 1320 5821 7214 3457 1651 5252 1337 9210 9094 6408 6656 
29 138 4701 5952 1562 8261 4185 4021 9250 382 4870 272 1841 5760 8633 8892 2527 9064 1974 363 9615 524 5586 4059 3595 193 5217 7317 3725 8105 
26 3815 8504 9708 8714 1373 7667 9384 428 7202 9377 5230 2579 5993 889 8792 1347 1286 419 1601 3428 4459 8827 3254 8659 4191 4659 
34 6599 1179 746 2381 9884 7358 9327 1121 8176 1590 2780 2040 5906 729 2399 1986 4966 3916 3330 5547 4178 1307 4736 1054 8430 6520 3818 6536 9730 5038 4849 1445 7932 9865 
28 8267 7752 6258 9754 8458 8794 8282 1644 9067 1357 2511 7290 2435 1221 6675 3023 3813 5464 1840 6196 6035 6739 9259 6596 4138 1506 5809 819 
27 9543 6683 698 6151 4145 878 8089 7745 9325 1606 7091 4316 407 6744 3939 1375 9226 4742 6801 9015 5048 4108 8619 6792 3996 1255 9496 
29 5588 7179 3656 1776 7384 2550 4983 213 2320 5975 3273 5741 2902 623 6679 4596 6565 616 5996 2598 4651 7428 3558 2518 2918 2789 4357 3536 5946 
31 2265 6785 5325 6897 8850 8834 5912 5916 7723 6319 7495 3992 1453 1892 3528 4946 1093 9167 5870 4231 4618 1927 4963 4038 6469 8131 6737 6339 3112 4416 1988 
30 9988 8977 544 9632 974 9777 6616 2835 4612 8652 759 3597 5678 9497 5197 9450 3334 2082 21 4420 539 803 9957 8316 2031 5095 4913 2504 8926 6803 
29 7662 2795 9361 7910 7931 2912 3755 841 4147 2278 3443 8005 2488 5748 5969 6362 3789 4595 9032 4276 6828 2341 7758 2204 5255 2943 4197 900 3969 
28 4616 2163 4529 3987 3932 6210 5863 7312 6274 2142 8941 3061 4886 2722 9845 3730 7301 6346 6549 2936 478 8928 562 3759 8671 4790 6929 3218 
28 3491 6021 2805 5889 5529 5911 177 1760 1249 608 1736 9950 6761 8865 6714 8944 7050 7478 4411 1583 3614 1457 6269 9221 303 7768 3419 5663 
29 3171 1704 4803 243 1290 5434 6102 6361 4428 4163 9672 5406 1914 247 1563 7489 500 5728 369 1681 652 9249 802 3063 5844 6527 6121 9517 1954 
29 1764 2000 2239 2771 1750 6186 1547 9441 249 7698 6106 5035 7890 216 7479 5995 8993 9723 2899 1421 9142 7713 7497 7231 8582 1993 3098 9509 9296 
31 9581 4052 1807 625 6516 6177 4400 1007 7069 4440 9376 7532 3439 529 5335 986 5224 1475 6880 6050 9812 6943 1707 3808 4359 857 8718 5638 379 7803 1273 
31 1386 8026 8415 8870 280 8406 7448 7240 8289 8924 3637 7896 322 1603 547 8474 2121 9339 5756 5641 7225 1739 7164 1834 2206 7224 1667 2699 5948 8272 9985 
27 1574 8184 2135 883 3018 3315 2573 6611 522 3402 1142 7673 2831 7602 3325 4505 9623 7961 2420 9684 6176 8658 5848 2041 6434 2670 6089 
29 6613 9054 4996 1390 81 9006 9437 499 2569 5627 4363 5418 1414 9341 8159 6560 9453 8773 3997 7079 2654 9030 7169 8708 9574 63 274 6602 7947 
30 4759 436 1556 6925 8356 8991 3177 8191 8148 4887 9715 748 1419 3948 3722 9653 641 5774 7506 884 6726 5088 4855 3816 5445 5695 1649 9976 7344 8111 
28 4114 3660 5467 9695 968 1032 74 4684 3879 715 3837 2314 6220 5078 9579 1086 8780 2124 8784 5790 8491 8527 5667 5188 6614 2861 9463 6883 
27 8424 1030 9890 9202 3367 5568 8000 9862 4452 700 3045 9318 6591 4199 2737 770 9427 7823 1844 9958 7133 4235 3376 3949 4593 2164 1864 
26 7320 3384 5696 1229 7680 987 7111 1226 8352 8665 8456 9385 7669 364 4763 5541 7596 1762 6366 3652 4321 731 973 933 6576 9657 
29 6392 596 5077 1139 7845 3764 7516 8494 8828 3494 9996 7437 6858 7582 2974 9786 2261 6877 8560 9666 2299 3017 8935 8864 7799 4646 8200 3974 7551 
32 7633 5613 3099 2604 4501 4647 5435 3797 9963 3659 5829 1466 6677 2034 9831 3007 3714 732 542 7405 2683 8536 8212 9140 4554 6335 2481 2792 1553 2285 6038 6002 
26 1415 5503 2358 5587 8859 1493 2078 3128 7536 4814 9622 2810 588 8744 8713 988 3021 6389 3472 8214 3778 6068 1115 3238 6164 8088 
28 9168 4078 9506 747 2391 4410 4304 8884 6701 6174 2925 1645 1915 3389 5333 5913 8799 9124 2856 5864 145 7215 2258 7392 3308 4905 5212 7859 
30 4077 8833 5938 4088 5619 9752 7988 7097 2286 2151 9880 9331 6084 2247 9929 9420 2704 8 7211 5443 1333 3166 3206 2956 7210 1939 8236 5239 3798 9034 
27 5233 9219 2013 8170 164 3548 6098 7419 6622 8775 6721 3569 8102 9228 8550 1440 9779 2927 7106 8304 2932 2911 8520 8880 8922 5758 4111 
30 2711 9213 3373 9302 9814 465 8875 7367 3839 8492 3095 7672 1006 6802 3040 133 4558 9056 9205 2200 510 3477 362 7130 5152 4345 3991 634 6988 5322 
27 9328 6231 2992 8434 8222 8954 2429 6003 6036 8341 9893 7834 998 4940 9720 9631 278 471 9626 4688 4485 7470 7831 6014 136 3006 2473 
28 3452 2496 4560 4415 6437 721 111 8095 8483 2014 5825 4924 1873 6944 9240 1654 3687 9358 9647 1071 2422 1097 9938 3666 4708 3162 9528 4441 
34 2098 5835 9251 7458 6267 7719 8122 4885 6794 2148 2767 3675 1392 5397 2853 4015 46 6934 2951 7471 6429 9933 9093 6457 2010 9873 2162 1091 5118 8951 4856 9507 6111 5269 
26 1753 352 9454 7787 6215 2557 6646 3228 4117 669 6932 8084 2907 2944 5470 7486 5526 7736 2788 6643 8043 9866 3956 7911 3605 5780 
33 8598 333 7609 9584 3851 8841 1354 7721 257 8564 2752 4567 7840 8128 3515 8563 1169 9261 20 8016 6827 8265 6075 6702 7766 9552 944 1918 2063 8479 9197 3497 8863 
27 9561 6935 8472 7235 1197 1186 60 8649 5070 2632 2982 5415 1182 603 6020 7820 6015 4984 2980 2516 7134 2478 735 8198 6700 9541 8683 
25 1377 8624 7116 3680 534 6652 7651 7876 1389 6291 8973 4670 4270 8300 6806 763 3369 6204 9192 8163 7996 2306 6189 7389 3289 
30 6423 7828 1734 3149 6410 6112 221 1261 604 6006 6566 6400 8285 5931 412 3204 6715 4565 6306 5747 2739 6530 9510 2808 3010 5580 3082 8521 7197 1486 
27 5354 2263 5552 1996 3346 4444 3721 6452 4774 153 5629 4195 360 3933 6583 4547 3578 7537 165 5893 262 6451 7886 9655 3328 2655 9839 
28 8948 3630 338 7699 2048 219 5329 1011 1310 7005 3926 3136 160 2118 4955 4165 6300 149 4113 9886 6645 5158 2081 5273 9870 2638 3664 7926 
28 175 1717 7329 8765 7679 1198 706 8482 8680 1837 6711 104 3394 8096 2419 6070 6022 2541 5317 5316 7971 5187 6501 3165 9810 5814 6047 1274 
30 4466 688 6857 6234 9743 2018 9606 1855 320 7203 650 4862 9295 7023 1487 2748 4985 5189 8842 9479 1665 7342 8759 4843 8636 2094 5958 371 4427 849 
27 9858 9104 4355 9241 6445 850 9664 3598 9595 9333 3812 9949 1397 1705 8505 7510 7892 6134 9639 6829 7953 2326 7718 4600 5372 4987 4257 
29 4398 8057 3899 5082 919 2860 3582 6145 3705 5999 7847 6814 1000 6388 1411 282 1763 1830 5950 1332 1136 3101 8168 4419 2317 940 8242 3841 183 
24 3877 2086 7230 9625 7691 204 4201 5221 8757 7553 1838 1353 8674 2821 5582 414 7775 3706 7269 2580 518 2360 9330 9676 
30 2584 1434 7545 9538 1560 5742 2298 9909 3545 9233 2643 564 5763 3770 8947 4164 6965 2991 7508 406 757 2862 742 5752 8403 2423 3961 4592 1987 5630 
28 1595 8927 271 6150 6990 1609 9522 6572 9126 8821 6492 5162 5961 1657 6271 3327 4726 5768 7044 447 480 5060 4033 7789 2532 8715 8985 1720 
26 666 7343 9190 158 9079 8573 2154 161 3310 3065 6287 4222 4180 5184 2719 8555 4299 2188 9345 1318 172 6302 806 7977 9373 2386 
30 2223 5371 8207 128 8532 6826 568 9495 4161 6414 1588 6927 4544 6673 9477 8147 4489 4493 9239 5660 7423 8226 1047 1518 88 6194 7764 1443 1685 655 
25 7006 4660 130 7777 8876 9035 9448 1702 5685 7087 1629 8312 3493 2900 3441 1522 7332 7881 4237 4331 1281 1031 1746 5525 6219 
27 3782 4166 3209 1217 80 8663 2546 4696 1647 5879 1045 3869 7314 7612 9553 7431 1366 2190 7564 8771 9474 3976 8058 8020 3529 1323 8290 
27 5455 2863 3746 8726 4174 1589 6128 4822 6555 4931 3750 9936 2666 9693 3810 6713 1576 3365 8208 9207 8881 1541 1773 6263 2587 1771 3374 
27 4574 7191 5008 7349 2280 4472 9792 7727 5210 618 7568 1761 9135 8221 882 9894 5597 927 9163 6135 6179 5413 5712 8914 5884 3549 5498 
30 1109 2202 2005 5206 1021 9492 3587 7147 358 1128 9218 4374 4883 3635 9004 4295 6586 8632 29 3030 6974 2500 3196 8618 7226 3182 3736 1232 5947 587 
28 8039 4322 846 8526 2777 4573 3091 313 3364 9044 7681 140 4727 704 3695 5920 1201 6405 5119 1716 6240 9388 7518 5933 3567 6688 2393 9298 
26 3968 7439 3347 4221 67 3383 1073 5816 7570 2673 7433 8059 6377 7248 5988 6682 3345 9608 5840 2515 2424 9449 8079 6818 7907 9322 
25 8339 6211 3508 896 9310 8966 7455 4542 5249 6662 8075 9050 7067 1594 4605 4693 8846 2691 9469 2653 6368 2451 3931 3522 1208 
26 9688 4773 1531 9321 294 2279 5603 9795 2342 5715 5111 7589 8883 7647 8524 7968 2556 5202 7386 9285 695 6805 705 8311 9010 722 
28 2603 3883 49 2212 1215 2578 5100 804 4423 9513 5514 5087 5872 7434 3319 982 6695 497 1775 2938 7360 1358 1382 6820 2134 8662 6654 9863 
27 1387 6791 5881 9806 1042 200 6979 7942 2576 8939 1517 5669 6354 6589 5866 1219 7741 6569 3084 611 4730 8048 2319 3138 8832 7281 5107 
32 3198 3316 6416 9721 5721 5403 2519 899 4116 5770 6554 2624 3398 1454 8787 1294 425 2334 7583 3120 6127 8975 2458 4952 8697 7619 5548 168 3617 3616 1272 9113 
28 6096 8232 6557 2506 1025 636 9877 6859 4910 3698 3173 9027 1301 7909 3688 6967 3382 3390 6206 9667 7263 4821 6505 5892 10 9829 9879 2215 
25 7566 2930 1278 3811 9324 5301 2984 9103 7103 6418 6315 6909 2937 5928 5231 912 6055 3627 8712 4351 8800 179 4007 7261 9767 
30 8407 7138 5973 7621 3234 40 9823 7180 8894 5457 9175 4652 1256 4508 917 6749 7192 72 1524 5899 6005 9334 7207 5686 7565 3804 9602 3071 5602 7711 
31 4474 1051 3333 7186 3573 2542 7924 513 9227 2233 9674 39 5971 6916 2316 97 5023 4062 9842 8940 1449 2189 7220 3121 334 4023 2097 8333 7622 7258 31 
29 9822 8725 1756 26 2375 393 7816 7560 3835 1784 9116 1963 2857 6246 3215 8882 5987 7273 403 9264 7082 4778 2997 5818 8818 1346 2267 4364 4491 
26 4634 8717 3867 9189 9545 5803 1692 5016 3703 1218 4371 5389 7109 6288 4336 847 6082 969 6838 5615 2224 241 137 3083 946 2220 
28 750 719 6699 8481 2036 6407 4229 9796 3303 2450 4156 9841 2492 1416 107 2015 3096 1628 5824 3691 4366 8280 2760 4631 2457 9343 2611 1635 
29 2766 9498 9462 2746 3170 7237 2520 9033 4105 3431 8347 2970 5327 1570 3669 4421 9021 5576 9569 7259 1404 1967 775 2979 7057 366 9910 4645 7571 
26 6488 1348 684 9762 3391 7310 7363 5232 8572 9490 2312 3269 9628 9928 9962 8037 5823 3220 2180 5283 1966 786 1367 4869 7198 3483 
29 3233 3701 69 9489 4239 9629 6989 9172 2403 4312 3908 9012 7468 2685 535 6577 3738 5761 4463 5807 8151 5787 2865 3784 6562 8229 8223 86 124 
25 7613 7648 1293 1802 147 3295 2057 4414 1458 7964 4941 7362 4082 5271 8929 4429 3561 7959 3506 3796 1820 4586 5154 1022 2103 
26 1359 7650 8400 3090 7543 2120 4914 5676 6218 1978 398 2050 8225 6024 9793 5932 5003 3552 1480 2754 7627 9404 3163 7038 8114 9896 
30 8544 6781 7402 8462 7574 9075 1737 8426 1694 9455 9648 5253 8992 5513 1602 5109 9176 9834 6398 2235 935 2489 5626 9691 4198 2308 8839 7315 2703 9527 
30 7822 528 9735 8797 8728 5566 8410 1890 8970 8900 2960 6110 8807 5274 8761 3731 3200 5811 2486 8411 6518 6779 638 454 2495 4450 8589 4810 2659 7293 
28 816 5846 9627 8577 4564 7369 2914 373 664 8578 9776 5611 6484 5126 79 3673 8066 8836 7308 5976 8133 3047 712 7236 2471 5719 6209 4184 
26 9282 5195 473 7442 9836 4190 9235 8720 9225 9998 4675 8136 798 2738 5856 6625 3886 85 9585 7137 9977 7813 8891 9600 1385 1690 
28 6845 9038 8227 6640 1515 9042 7045 3480 7108 1064 6539 5487 9975 9633 3424 3100 9083 6604 711 5675 5081 5891 8416 2249 3555 7274 6588 4228 
26 8220 7995 3361 7359 1340 1151 6433 5739 4292 5775 3276 9824 5449 8574 2349 5888 3354 5710 2065 6674 6129 2456 9294 2476 1052 2627 
28 8404 1425 6482 9484 851 6436 4602 5306 9470 7131 7740 2560 903 7945 853 6698 8045 999 9558 8869 6472 6807 6166 7294 8535 8986 635 1921 
30 5370 6980 1040 4989 3519 5148 4550 1292 8710 3934 8908 3847 4653 7993 2176 2112 6385 566 3700 439 3593 2844 7113 4770 7807 481 1455 5624 2092 1379 
29 862 6808 2765 2152 9974 1835 4455 7316 4258 3147 5308 2540 492 2523 8639 9598 9062 7058 8291 2692 3607 3244 9158 870 8501 2834 4580 3622 1400 
27 3210 498 6635 1275 8699 9660 5226 2184 5428 4004 9092 365 5943 5183 7734 6636 6987 1470 6067 1733 9069 9705 5985 5517 3381 7465 9198 
29 6152 7256 5209 4622 5053 6312 2502 2549 1248 7873 2513 6525 9415 6624 6200 7520 2934 4654 1146 4210 3038 9500 9700 7992 2721 7447 727 897 3888 
29 3611 9568 2156 8936 2353 9955 9980 3420 2975 6619 1080 830 6547 2601 9748 4758 9859 7898 7144 1686 583 3414 2986 9746 3975 6327 2497 536 9784 
27 993 7735 5298 879 4703 6230 4 3609 2453 580 4169 6847 6735 5623 1523 1514 2712 723 3840 4274 2242 3901 4403 1157 4733 3957 5033 
27 1660 7642 159 6123 4137 9043 190 1123 6427 9659 1877 9287 8496 7099 1483 5494 9357 3074 866 8132 1789 2626 6728 6529 316 2338 5267 
27 2452 8299 8073 6278 1098 1306 8215 1971 5490 8310 8549 692 2972 4679 6099 2668 9680 424 614 7454 8412 8086 1336 3927 4981 2079 6745 
29 9211 4944 5334 941 813 5198 4315 2024 3679 1792 7416 2047 6506 1850 7732 248 9652 2676 122 591 3213 1839 4120 8127 2007 2475 1810 8554 4725 
24 8246 1364 5867 7724 3312 110 4194 1919 2729 7737 9193 3293 9088 1529 8664 1508 127 2602 6479 1951 1804 4977 4399 1990 
32 2652 9589 5673 9811 8949 9078 3332 8365 8591 3119 6526 2390 9694 4541 2961 1962 1206 3950 9217 7153 9367 2388 7209 3904 6867 2277 7353 9063 9828 8943 5853 6448 
29 2209 9392 477 4126 5668 3802 4193 3723 9825 5828 2564 1526 6444 9332 2073 5026 5469 9188 2172 3386 4841 6370 7338 9022 5800 6259 932 6212 4324 
28 8440 4671 1824 7607 5167 4807 7056 2680 4306 1181 5012 7941 4608 5331 2759 5636 383 3838 2983 9208 1351 7493 12 4372 7280 6103 5489 9174 
26 8546 1779 7793 5740 8277 5578 7701 7935 1280 9519 7366 4587 151 321 8202 5819 3889 242 5558 7608 5381 7893 6863 5792 6498 2620 
32 9440 2297 3919 8297 3145 9817 5129 949 2609 2370 3481 7388 7443 2004 6268 3925 442 1713 2217 2445 2192 2903 3601 9556 9209 2724 2999 812 557 4361 1622 9485 
29 7136 5954 9145 5532 220 8264 3268 8318 8615 66 337 8276 8072 2581 4695 1502 2133 1388 7062 3199 75 3793 7548 1112 8867 2957 227 8774 453 
26 5260 2854 3181 6912 3049 2876 9133 4819 1845 4013 7600 6465 4812 5257 7217 6788 491 6381 1903 880 3175 48 7152 8997 8953 8484 
27 3423 602 3496 2140 6379 7800 3794 1743 2389 351 8542 4723 785 7757 8856 5291 3495 6981 1461 8427 2111 3022 131 4613 4271 5981 9607 
30 9155 8896 3278 5181 6092 1462 0 4524 3914 6225 7982 6039 3963 5978 9682 8384 2723 578 5302 5042 2522 4514 2105 7749 6946 2969 7446 3733 4964 9895 
27 6950 6229 1700 8003 1433 8545 7637 7007 4953 361 7521 8363 3817 6192 8245 978 1056 5101 2226 3959 9734 7555 1778 1155 7266 8388 3638 
29 2378 9764 6556 9076 5499 311 8413 8722 3340 1317 8812 5905 5573 948 7016 6999 6333 6334 8702 4997 2749 5421 9768 9403 5444 2131 4915 922 2501 
28 5130 6756 2401 2873 5170 5654 7661 8140 7037 1207 1880 9749 8599 9751 2588 6734 203 6499 1349 4039 8853 344 509 7457 1452 6901 7024 1065 
26 2351 3247 7611 8286 5914 4017 2339 3034 9830 716 942 4820 99 6609 6298 2371 4998 4658 3226 7165 7107 9013 6086 6417 4092 8539 
29 8579 2091 3855 2890 2614 771 3380 833 8540 9551 3600 2610 7094 5442 7334 9057 6199 6074 1471 4405 6264 2978 5550 6356 1638 8119 4925 2923 1184 
27 4662 6778 1558 4068 6237 832 8488 1491 4223 4009 6439 5359 8154 4301 2222 6169 1277 7031 953 5745 5684 8142 7791 9396 6546 6470 838 
33 2847 1822 61 837 1842 6973 3513 276 8889 2642 9338 5687 7473 6223 6025 1693 1356 2782 3639 116 3994 9491 4313 2814 5051 1857 3913 3964 7090 4893 5904 9099 7868 
28 9446 68 4303 3300 1787 8050 541 4689 7345 4752 7776 6763 3712 8230 4281 6902 6913 9438 7212 783 1158 5764 1897 8731 5019 6704 8637 561 
28 811 5516 4716 1243 5066 9311 8677 629 8139 7100 8886 3068 9279 8213 1796 2412 6462 4242 1173 7902 8964 2790 4609 6426 9665 7049 4923 5544 
29 957 2996 962 7946 1539 5117 8381 3167 6670 4443 6453 5554 8149 9599 9040 3053 1209 6637 4531 8537 19 1561 4521 782 7128 5138 1858 8819 1766 
31 934 8033 4768 2517 1365 9229 2129 9165 468 6620 1944 236 2817 3684 9582 7962 5061 4536 6855 312 6489 3734 4286 787 125 2894 5647 2282 538 5755 4719 
29 9888 577 9286 1818 1898 5861 3682 7830 8815 8643 6019 8156 6188 342 9503 6205 6071 4787 7802 5486 8018 209 5736 8866 7387 7880 508 1017 5288 
29 8097 4935 5160 5653 23 1809 3291 4553 2989 5704 5531 7347 2449 7403 2543 8040 8283 2099 2716 4273 8061 519 4528 8989 9390 1284 2250 5473 2093 
27 6638 4473 2146 676 6866 4227 6460 5072 5207 64 5275 324 3012 5180 5145 4899 7654 4540 3836 1979 9567 8519 6633 7252 3309 8446 7289 
26 2198 3417 6409 229 141 8477 4739 7064 4262 5216 8421 1729 2675 7013 4775 7588 1033 9617 2791 3945 2264 2877 3966 3474 2596 9349 
32 4757 1014 3460 2736 4533 2656 5416 6331 5022 5784 9874 3407 7703 7798 3604 4213 7821 6228 3692 6856 6314 9342 8012 240 9400 54 2875 2896 6101 575 1782 8898 
27 2414 9940 2971 4769 739 9983 9871 1058 8593 3897 2837 7303 967 714 5986 8233 1829 8838 1289 7071 3488 829 2633 1150 4395 3041 2294 
25 9180 9058 7427 8120 2096 2382 1352 1532 7676 9276 2663 235 579 4154 7325 2885 4000 4982 8777 1798 2318 2950 4729 4552 4576 
26 4581 2583 8052 1053 5610 8322 2687 3850 7591 96 1718 6171 4437 4516 8180 8278 5385 2487 1642 4555 6320 32 8155 8241 6282 4709 
28 7313 626 5436 3492 2343 408 3777 7742 9 8770 3535 6758 9169 6852 8109 98 2735 4206 5698 4640 5551 9529 345 9931 8060 5474 7841 4162 
30 3169 5934 3410 8766 4785 3416 2468 4833 9531 4672 5640 7155 1300 3674 9238 9610 8239 5722 494 5377 8455 9709 4683 285 8331 6114 8451 3107 3349 3697 
30 7794 1247 8903 9747 931 5292 3643 9411 2629 8809 3881 4109 9068 7102 2255 5732 4961 1605 8517 452 6043 7685 1381 3596 840 2179 3466 4561 6647 3872 
26 4632 4123 7149 3612 5387 8417 4943 1519 8920 7620 6686 461 9421 814 2799 9903 511 7193 845 3399 8240 9348 4823 1827 8587 5103 
31 671 102 5476 3720 4926 6922 7374 799 7660 3172 7375 244 3142 6903 2329 1322 2296 5268 9312 5055 4906 9425 3510 8271 1715 1861 2706 4418 5431 2392 5723 
30 1312 7894 5127 174 7689 3078 150 9798 1020 2470 4470 3299 8667 7693 8175 1391 2409 4290 5106 1094 7762 4829 6798 1185 7936 7512 5222 2259 4743 7644 
27 1938 3562 653 5151 4104 4243 73 8638 4094 8373 6678 8030 1565 1832 4499 3967 972 7339 455 2695 5050 339 4518 8630 8585 7460 2227 
25 7708 563 5461 7598 4183 2218 2931 3192 1554 1701 1875 2883 7761 5085 9487 4570 4927 5953 9557 8556 5143 7991 7594 3141 2678 
31 2636 4960 929 6284 184 309 7219 2051 8350 7692 4456 2697 8391 2178 9572 1699 8379 7206 5281 6716 6755 8186 7199 6384 2295 2185 2561 1144 5753 1984 6759 
25 6578 4794 460 6295 9139 5382 855 6998 6066 4934 3050 734 4245 3436 2575 9947 2917 2416 9586 5918 1653 5590 8461 1800 3048 
30 3831 3160 8386 2418 8730 3318 8727 8004 421 215 8707 5399 9711 1304 5086 9638 9560 9578 205 3033 9308 6293 6841 7519 6376 9766 4347 4209 4063 6332 
30 9049 3153 9887 5855 397 1525 4408 554 5425 108 1460 9118 2325 3104 9972 8672 3352 5850 6316 7125 6797 7814 3113 8448 4950 4026 749 5873 3093 2175 
28 3827 446 659 2479 3348 6753 8957 9081 5808 225 3336 3946 9530 9153 631 1467 9144 8031 6724 6960 3144 3760 6951 142 5979 6326 451 6541 
25 9992 2554 4200 8205 1203 8135 2893 3069 2634 1114 1193 1002 8803 3884 5353 9387 401 4676 2889 3062 697 7652 4875 2268 2340 
27 8085 6245 3164 1192 6351 6256 5781 9729 3180 3783 4208 3463 3290 5363 3658 9620 284 9774 2741 5591 7466 2839 6531 4188 8567 3111 6161 
28 6600 502 4458 3320 2947 450 5064 4504 6651 7282 4288 391 5178 3787 4047 8748 2102 8389 415 7738 9843 9127 8002 7630 1202 3683 6861 9080 
35 9284 8183 4214 417 5349 3544 7401 8561 3524 3455 6117 357 8398 134 9965 9966 7143 7407 3442 4692 4951 9854 1311 2434 3825 3011 6139 2372 2464 6226 340 765 7655 3947 9313 
29 2648 5703 416 3122 9263 9864 5079 51 9994 8641 2940 8967 270 9588 9739 4098 7035 5380 5034 7561 495 1212 1678 5665 9137 5773 7562 5851 4354 
26 281 2323 1896 9340 7232 87 3989 36 6752 4806 3456 100 4549 8690 1571 3043 9007 7774 6835 2084 4525 1663 696 1997 5459 5650 
29 2446 1666 1060 6871 6610 2021 2221 3785 4808 5396 5477 5093 1479 2138 4285 7364 3046 9260 1254 7178 4159 1527 4772 5036 6124 3274 4522 7073 197 
29 6796 3051 8919 5307 7675 2194 3156 9979 1698 7095 8293 9242 2924 9914 5424 1432 3874 3894 2898 2270 7839 4557 353 1543 6930 7850 1569 222 1355 
30 9157 6956 1893 6879 4066 6668 9592 9753 4264 8262 4815 4019 8962 6707 4125 3849 9009 1536 5799 6403 4320 4721 4979 977 8144 7348 7785 8036 9604 9807 
28 8849 1808 6623 1175 4828 6510 7328 6538 1078 7875 1296 1214 7638 5982 9536 431 7424 5875 8077 9089 7887 4702 6442 368 5466 1607 3634 490 
27 9200 3551 9646 1917 3878 7406 9654 8729 8871 9961 1167 7509 1591 9905 9082 8436 8959 2219 7716 1099 5509 7357 299 1983 7818 9731 960 
28 4049 5524 8383 780 3702 5574 2136 9121 1016 310 1188 7383 6705 7944 7634 317 9025 3433 7827 5344 2681 2089 8112 6441 9410 6406 399 2718 
29 1999 5831 7760 8934 3772 9868 9052 319 9380 6213 7702 4932 1507 4146 6435 1153 843 8441 795 7683 4793 6184 9147 126 6495 7452 1722 754 2819 
29 654 6885 6425 665 5783 9494 9939 8568 7670 2702 7615 8110 5000 9060 7444 2347 298 7463 7990 4275 1176 9725 7127 1350 1559 6834 1682 329 9848 
29 2563 256 5632 504 194 7985 893 3565 7656 2595 3241 9835 1242 5203 8597 9101 1723 7523 5849 6350 8576 2567 3623 4267 1497 6762 4086 4993 6064 
30 1691 5801 4694 9907 2963 5771 4001 2570 8755 4784 6007 2053 9409 1759 1859 3539 2108 1405 2211 752 7928 8065 7063 2848 3942 1265 5593 8648 8747 4460 
31 2993 2820 7042 5345 3762 8250 15 1095 2244 1676 4572 9737 2833 2871 9855 5175 5063 3449 1774 6585 370 1669 7262 4877 7422 1183 8433 2397 2566 7189 2104 
31 839 8669 9740 2090 1816 7867 1549 9685 3298 232 8329 8601 8976 1409 354 657 9206 8098 9789 3803 2402 178 6667 3490 8056 44 3438 8655 2266 4666 1451 
27 2874 9304 3331 7323 9818 7227 5925 3982 2967 4630 5754 7140 8150 1028 2850 3437 5994 7666 7376 7121 9306 2229 6949 6733 3366 2708 3550 
28 9872 681 9742 7173 9640 356 7467 2071 9853 132 8269 4809 3231 8816 9780 9918 651 3584 2514 645 2661 8538 4635 1043 6775 9293 2327 3717 
28 4433 7569 555 612 9549 2012 328 1735 4074 3029 5200 5330 8723 1180 2498 114 2667 192 7549 4620 3799 6137 1251 620 6894 8353 5011 1781 
26 3860 457 3242 7061 6948 2281 4992 2869 9028 9018 4205 7923 9637 1116 4745 2356 7780 3444 2816 234 2684 2023 8024 4744 9281 6942 
24 551 1805 5058 7751 1127 2301 1754 2796 1395 3749 6649 6534 323 8788 5220 255 4196 496 823 5614 1110 5009 966 9478 
28 553 5492 7065 2966 5968 2499 8874 6666 6738 8751 2645 5963 1456 1084 1671 6131 8068 7464 9645 7997 9402 8510 9305 9105 3944 8160 1646 212 
30 3482 7205 5965 1604 9019 9704 848 4969 2998 4930 4069 300 9981 5564 3343 5693 2929 6892 9399 9480 1673 1981 8802 9524 8525 2731 6939 1509 2447 2114 
28 6257 3511 1196 5797 5671 117 954 4204 7779 1148 5146 958 6008 8873 9423 633 5392 4738 1684 2545 9036 7311 7616 7092 4707 2720 5522 5227 
31 3363 9111 474 4797 2747 4650 5296 2207 286 6615 683 5312 9182 9550 9547 5936 6918 1806 4225 9833 7021 3081 38 6740 4268 877 728 9534 5923 4131 6034 
26 4852 3387 6671 2813 2106 3921 8793 3326 6970 7000 6837 4167 7687 4143 4866 7601 7354 4897 637 4256 6248 4352 8181 4548 1108 8107 
29 1204 7855 4523 4796 9397 5534 682 6976 6160 9363 4365 1244 7963 2701 4081 3806 8810 6659 2383 7 9801 6804 6147 2196 4045 4509 592 3732 2529 
33 8315 8019 4107 2672 3240 7244 9942 702 7872 6890 3427 1887 7188 2657 5793 1652 6811 9252 8371 7398 4835 2029 801 6116 7965 9944 6693 3677 8742 7461 9596 4674 4850 
31 90 3235 8586 4754 9447 6580 7381 2355 8046 2085 7135 5942 2589 6774 2909 3800 6156 392 3357 9953 3445 1426 868 4266 7534 8051 9359 1943 7515 3450 531 
31 445 9351 2916 5898 9336 6872 7864 3471 2525 8296 484 7335 5205 8182 3861 8123 4332 6058 5563 4412 5375 5355 4986 5569 3554 582 3280 7088 7154 95 5140 
30 8835 1424 9790 4279 7835 4375 273 9526 686 8022 3458 355 920 6862 3140 8604 3317 5699 7967 2539 938 7409 3239 3188 3852 1710 9846 486 1501 2231 
24 8152 6032 9467 1302 9222 1853 3400 8700 699 6996 1696 1190 325 3422 6450 6810 3073 5561 5716 4714 7812 9277 4916 2582 
26 5535 687 3866 1865 1477 9381 4938 7753 8254 3509 6394 41 5672 4740 8393 3375 9457 1584 9164 7861 3955 5707 717 9970 7587 7874 
27 1752 3265 6597 2793 9428 7028 2562 7213 2300 1376 9656 9651 7218 5812 924 9347 4781 7838 6937 1263 6680 7843 4224 9256 6009 7076 263 
25 8027 4392 3275 5637 2126 4834 7625 8013 8124 4921 4240 4594 6415 560 4597 6281 8190 1885 2528 5391 2621 3148 233 6390 6051 
25 6754 726 8178 7020 6393 8558 2826 6208 4402 8231 8911 9303 8860 2942 5305 9098 983 9319 4479 9255 6831 8305 6769 1476 1528 
30 558 8551 4246 4909 9898 8575 4734 59 7459 9678 8605 9297 822 3576 595 7645 2784 761 5659 4168 772 9881 2881 93 5677 1741 8764 8092 6201 6241 
30 327 7759 1599 8502 9243 2858 9590 1140 3479 2426 9120 308 1552 3286 6919 7525 5075 834 7897 7595 2377 1010 2905 9542 9788 6799 6621 37 6587 2307 
30 7175 6227 3005 7485 7337 6676 9699 1055 258 3064 5577 1036 4439 9570 6387 6352 1018 1117 8387 9511 4100 1004 4103 9442 1683 6216 3015 950 3159 6723 
27 8121 9594 2069 9520 5496 8541 9186 9797 3651 8507 2855 6080 1137 4623 852 7194 8303 2806 8185 6561 6391 3936 1401 5076 6165 6404 9778 
28 5583 5097 8193 4341 9406 6252 1262 3917 2674 1862 7355 3909 4426 5804 6466 4741 4978 5098 372 7754 8706 5646 9912 8320 679 9181 3690 2574 
32 3075 3440 7132 3693 4937 1499 7421 4724 6634 3114 6746 4655 6978 3624 8741 3415 4706 2466 4582 4907 872 1596 892 744 5907 1234 8750 9690 1082 621 1757 6776 
27 773 6042 5185 9755 7086 7969 9129 5420 4095 2640 211 1171 2794 5029 4881 2181 1610 3993 860 856 7502 8588 5717 1975 1626 5543 2639 
29 1587 6130 8432 1772 2201 3744 4889 3341 5749 9024 3287 318 5422 6195 1870 7017 7027 7070 1259 821 3820 8830 5261 7491 1662 4868 1664 5366 8392 
30 9194 9850 1512 4386 5 462 4238 2715 4824 670 2309 1309 1126 8772 25 6324 5384 459 9125 8627 210 1946 3657 7578 8470 3185 6420 277 1189 4135 
28 7918 1568 854 7715 8701 3118 6800 5379 1977 1636 106 5295 4756 1544 2467 7438 708 2008 3370 4294 8631 6836 8760 1869 774 7733 8515 6851 
27 405 4507 3903 9130 9591 8840 1448 9395 9183 6238 1308 3487 4284 3761 617 5451 4643 8467 8101 1953 6641 7391 7730 1363 7624 6632 3202 
28 9714 295 6982 238 1009 9760 4817 5512 3892 8038 5168 5311 4438 4543 3362 7350 7039 7368 5643 4148 3566 9230 9978 9982 24 7123 5173 9802 
30 5388 4170 5917 1178 35 9115 7096 6378 6773 4591 3470 7579 4656 2677 6914 8824 9716 5737 6279 4369 6235 293 1343 4389 2828 1564 9867 5859 2056 2254 
24 2335 910 8049 5475 4718 7390 9051 6048 5105 6322 1714 737 5080 5047 2690 5419 6952 3197 9148 5991 7010 7445 3028 2075 
27 2442 4259 8971 9378 5456 8693 456 9214 2745 5874 2953 8454 8817 7585 8782 2650 1581 4008 8439 8811 7933 9573 6458 6627 6849 7954 1446 
31 1143 7511 8566 2293 5506 1724 3954 8335 7296 191 7836 3981 3774 6270 7373 8014 3599 7618 3406 886 8349 8475 1291 9456 4840 3221 6533 9908 6584 6579 2061 
29 9136 9445 5984 7253 1437 4878 888 6822 8666 2946 1905 6141 1888 9262 5762 9706 4093 9900 3668 5791 4381 1001 5091 3564 8661 7187 9897 6581 3426 
26 9718 7487 7395 2352 1674 1680 7950 3102 8485 8956 6126 3003 5458 7717 3780 1708 1878 3261 2269 8676 8414 3469 4234 7573 5609 3859 
32 6891 5955 2965 4046 1976 4089 2042 3686 3715 4370 5250 4844 7426 5751 4158 5124 3988 47 7122 1213 228 1068 5300 3708 3629 8420 1567 4379 815 5922 3193 50 
29 9791 3756 6931 5837 1465 1410 6697 6690 1621 3663 6224 4124 7333 226 1533 6824 9575 995 1650 5887 7844 3538 2783 9003 4872 7238 8355 2328 5785 
29 1472 2849 1191 306 2003 6563 7704 2920 1749 8497 6097 9026 8100 5177 4012 4728 7972 6053 1537 2046 6710 1257 1383 2964 5734 7978 6873 1617 7527 
29 5595 4318 5244 4152 4034 3297 2009 8617 532 3871 3146 7531 2897 1164 3973 9085 1992 4451 5847 8325 2016 5338 8736 3222 6276 341 6532 5056 3938 
30 1965 4506 6765 1520 5826 1854 1863 6310 5901 2840 9851 2413 4385 2710 1803 6325 8081 2230 4382 6011 4562 5606 9212 9000 4471 8209 9383 4513 2572 3207 
33 3911 6214 3027 2241 4144 1160 1899 6283 4260 7748 5318 8153 7195 5508 9952 9370 4212 668 6030 5394 6502 4746 6059 9405 1801 8188 9508 1929 7160 7340 3388 7399 2248 
29 766 5062 2954 667 8651 3625 2484 4453 6497 4818 1101 7659 6063 6644 9071 9959 2726 1268 4735 1092 1147 9429 9619 154 9177 7453 4789 3995 3941 
23 3503 6347 8234 4217 123 2253 3110 9039 9434 4305 7899 3296 7879 4058 2431 7903 7705 6940 6921 8945 6511 3952 2398 
29 1492 8143 4994 4050 5939 6961 4334 5259 2477 245 6691 5495 2641 5199 8091 6292 430 4176 8224 4771 4022 4857 8902 4280 4563 4933 3710 5339 4329 
27 5245 8166 2459 9417 9329 2882 9389 781 4603 5935 9102 1619 6380 6132 8645 1075 7504 1538 6107 8071 5265 3876 6253 30 5767 7119 8268 
28 4760 586 7115 791 6464 4627 3055 261 5219 8581 4153 9314 7906 5838 7440 1874 7763 2988 959 6367 1912 3355 2045 4895 2491 9020 7272 3985 
28 6687 4067 9967 6374 4377 8108 792 1794 7863 5817 2025 7242 9374 6345 5972 5620 6178 2425 6477 1266 9412 5743 7826 1393 7832 3517 1932 5025 
27 8543 7720 2851 2933 1608 1194 8752 8369 2167 4888 7804 475 3737 1731 7176 3129 5365 2421 7546 4149 6741 7370 6203 8583 6090 3285 1819 
